{"C:\\Users\\vecch\\OneDrive\\Escritorio\\Dashboard Sharkfit 30 enero - Copy-export (1)\\backend-data-intake\\src\\app.IMPROVED.js": {"path":"C:\\Users\\vecch\\OneDrive\\Escritorio\\Dashboard Sharkfit 30 enero - Copy-export (1)\\backend-data-intake\\src\\app.IMPROVED.js","statementMap":{"0":{"start":{"line":14,"column":0},"end":{"line":14,"column":27}},"1":{"start":{"line":15,"column":16},"end":{"line":15,"column":34}},"2":{"start":{"line":16,"column":13},"end":{"line":16,"column":28}},"3":{"start":{"line":17,"column":15},"end":{"line":17,"column":32}},"4":{"start":{"line":18,"column":20},"end":{"line":18,"column":42}},"5":{"start":{"line":19,"column":21},"end":{"line":19,"column":45}},"6":{"start":{"line":20,"column":22},"end":{"line":20,"column":55}},"7":{"start":{"line":21,"column":12},"end":{"line":21,"column":26}},"8":{"start":{"line":23,"column":22},"end":{"line":23,"column":45}},"9":{"start":{"line":24,"column":19},"end":{"line":24,"column":44}},"10":{"start":{"line":25,"column":60},"end":{"line":25,"column":103}},"11":{"start":{"line":26,"column":71},"end":{"line":26,"column":106}},"12":{"start":{"line":28,"column":13},"end":{"line":28,"column":37}},"13":{"start":{"line":31,"column":14},"end":{"line":31,"column":23}},"14":{"start":{"line":36,"column":2},"end":{"line":39,"column":3}},"15":{"start":{"line":45,"column":2},"end":{"line":48,"column":3}},"16":{"start":{"line":46,"column":4},"end":{"line":46,"column":70}},"17":{"start":{"line":47,"column":4},"end":{"line":47,"column":20}},"18":{"start":{"line":50,"column":2},"end":{"line":53,"column":3}},"19":{"start":{"line":51,"column":4},"end":{"line":51,"column":79}},"20":{"start":{"line":52,"column":4},"end":{"line":52,"column":20}},"21":{"start":{"line":55,"column":2},"end":{"line":58,"column":3}},"22":{"start":{"line":56,"column":4},"end":{"line":56,"column":71}},"23":{"start":{"line":57,"column":4},"end":{"line":57,"column":20}},"24":{"start":{"line":65,"column":2},"end":{"line":65,"column":20}},"25":{"start":{"line":66,"column":2},"end":{"line":74,"column":6}},"26":{"start":{"line":77,"column":2},"end":{"line":83,"column":5}},"27":{"start":{"line":78,"column":4},"end":{"line":78,"column":45}},"28":{"start":{"line":79,"column":4},"end":{"line":79,"column":55}},"29":{"start":{"line":80,"column":4},"end":{"line":80,"column":55}},"30":{"start":{"line":81,"column":4},"end":{"line":81,"column":95}},"31":{"start":{"line":82,"column":4},"end":{"line":82,"column":11}},"32":{"start":{"line":86,"column":22},"end":{"line":86,"column":104}},"33":{"start":{"line":86,"column":95},"end":{"line":86,"column":103}},"34":{"start":{"line":88,"column":22},"end":{"line":103,"column":3}},"35":{"start":{"line":91,"column":6},"end":{"line":96,"column":7}},"36":{"start":{"line":92,"column":8},"end":{"line":92,"column":29}},"37":{"start":{"line":94,"column":8},"end":{"line":94,"column":50}},"38":{"start":{"line":95,"column":8},"end":{"line":95,"column":49}},"39":{"start":{"line":105,"column":2},"end":{"line":105,"column":29}},"40":{"start":{"line":108,"column":2},"end":{"line":108,"column":23}},"41":{"start":{"line":111,"column":2},"end":{"line":111,"column":25}},"42":{"start":{"line":114,"column":2},"end":{"line":114,"column":43}},"43":{"start":{"line":115,"column":2},"end":{"line":115,"column":65}},"44":{"start":{"line":116,"column":2},"end":{"line":116,"column":26}},"45":{"start":{"line":119,"column":2},"end":{"line":119,"column":27}},"46":{"start":{"line":122,"column":2},"end":{"line":122,"column":17}},"47":{"start":{"line":125,"column":2},"end":{"line":128,"column":5}},"48":{"start":{"line":126,"column":4},"end":{"line":126,"column":45}},"49":{"start":{"line":127,"column":4},"end":{"line":127,"column":11}},"50":{"start":{"line":134,"column":21},"end":{"line":134,"column":45}},"51":{"start":{"line":135,"column":25},"end":{"line":135,"column":56}},"52":{"start":{"line":136,"column":25},"end":{"line":136,"column":56}},"53":{"start":{"line":140,"column":2},"end":{"line":140,"column":51}},"54":{"start":{"line":141,"column":2},"end":{"line":141,"column":54}},"55":{"start":{"line":142,"column":2},"end":{"line":142,"column":63}},"56":{"start":{"line":145,"column":2},"end":{"line":145,"column":35}},"57":{"start":{"line":146,"column":2},"end":{"line":146,"column":43}},"58":{"start":{"line":147,"column":2},"end":{"line":147,"column":43}},"59":{"start":{"line":148,"column":2},"end":{"line":148,"column":57}},"60":{"start":{"line":154,"column":2},"end":{"line":161,"column":5}},"61":{"start":{"line":155,"column":4},"end":{"line":160,"column":7}},"62":{"start":{"line":163,"column":2},"end":{"line":169,"column":5}},"63":{"start":{"line":164,"column":4},"end":{"line":168,"column":7}},"64":{"start":{"line":176,"column":2},"end":{"line":181,"column":5}},"65":{"start":{"line":177,"column":4},"end":{"line":180,"column":7}},"66":{"start":{"line":184,"column":2},"end":{"line":205,"column":5}},"67":{"start":{"line":186,"column":4},"end":{"line":192,"column":7}},"68":{"start":{"line":195,"column":23},"end":{"line":195,"column":40}},"69":{"start":{"line":196,"column":20},"end":{"line":198,"column":19}},"70":{"start":{"line":200,"column":4},"end":{"line":204,"column":7}},"71":{"start":{"line":207,"column":2},"end":{"line":207,"column":13}},"72":{"start":{"line":210,"column":0},"end":{"line":210,"column":31}}},"fnMap":{"0":{"name":"createApp","decl":{"start":{"line":30,"column":9},"end":{"line":30,"column":18}},"loc":{"start":{"line":30,"column":21},"end":{"line":208,"column":1}},"line":30},"1":{"name":"(anonymous_1)","decl":{"start":{"line":77,"column":10},"end":{"line":77,"column":11}},"loc":{"start":{"line":77,"column":30},"end":{"line":83,"column":3}},"line":77},"2":{"name":"(anonymous_2)","decl":{"start":{"line":86,"column":90},"end":{"line":86,"column":91}},"loc":{"start":{"line":86,"column":95},"end":{"line":86,"column":103}},"line":86},"3":{"name":"(anonymous_3)","decl":{"start":{"line":89,"column":12},"end":{"line":89,"column":13}},"loc":{"start":{"line":89,"column":34},"end":{"line":97,"column":5}},"line":89},"4":{"name":"(anonymous_4)","decl":{"start":{"line":125,"column":10},"end":{"line":125,"column":11}},"loc":{"start":{"line":125,"column":30},"end":{"line":128,"column":3}},"line":125},"5":{"name":"(anonymous_5)","decl":{"start":{"line":154,"column":25},"end":{"line":154,"column":26}},"loc":{"start":{"line":154,"column":39},"end":{"line":161,"column":3}},"line":154},"6":{"name":"(anonymous_6)","decl":{"start":{"line":163,"column":15},"end":{"line":163,"column":16}},"loc":{"start":{"line":163,"column":29},"end":{"line":169,"column":3}},"line":163},"7":{"name":"(anonymous_7)","decl":{"start":{"line":176,"column":10},"end":{"line":176,"column":11}},"loc":{"start":{"line":176,"column":24},"end":{"line":181,"column":3}},"line":176},"8":{"name":"(anonymous_8)","decl":{"start":{"line":184,"column":10},"end":{"line":184,"column":11}},"loc":{"start":{"line":184,"column":35},"end":{"line":205,"column":3}},"line":184}},"branchMap":{"0":{"loc":{"start":{"line":28,"column":13},"end":{"line":28,"column":37}},"type":"binary-expr","locations":[{"start":{"line":28,"column":13},"end":{"line":28,"column":29}},{"start":{"line":28,"column":33},"end":{"line":28,"column":37}}],"line":28},"1":{"loc":{"start":{"line":36,"column":2},"end":{"line":39,"column":3}},"type":"if","locations":[{"start":{"line":36,"column":2},"end":{"line":39,"column":3}},{"start":{},"end":{}}],"line":36},"2":{"loc":{"start":{"line":45,"column":2},"end":{"line":48,"column":3}},"type":"if","locations":[{"start":{"line":45,"column":2},"end":{"line":48,"column":3}},{"start":{},"end":{}}],"line":45},"3":{"loc":{"start":{"line":45,"column":6},"end":{"line":45,"column":70}},"type":"binary-expr","locations":[{"start":{"line":45,"column":6},"end":{"line":45,"column":29}},{"start":{"line":45,"column":33},"end":{"line":45,"column":70}}],"line":45},"4":{"loc":{"start":{"line":50,"column":2},"end":{"line":53,"column":3}},"type":"if","locations":[{"start":{"line":50,"column":2},"end":{"line":53,"column":3}},{"start":{},"end":{}}],"line":50},"5":{"loc":{"start":{"line":50,"column":6},"end":{"line":50,"column":85}},"type":"binary-expr","locations":[{"start":{"line":50,"column":6},"end":{"line":50,"column":43}},{"start":{"line":50,"column":47},"end":{"line":50,"column":85}}],"line":50},"6":{"loc":{"start":{"line":55,"column":2},"end":{"line":58,"column":3}},"type":"if","locations":[{"start":{"line":55,"column":2},"end":{"line":58,"column":3}},{"start":{},"end":{}}],"line":55},"7":{"loc":{"start":{"line":55,"column":6},"end":{"line":55,"column":71}},"type":"binary-expr","locations":[{"start":{"line":55,"column":6},"end":{"line":55,"column":43}},{"start":{"line":55,"column":47},"end":{"line":55,"column":71}}],"line":55},"8":{"loc":{"start":{"line":72,"column":29},"end":{"line":72,"column":79}},"type":"binary-expr","locations":[{"start":{"line":72,"column":29},"end":{"line":72,"column":52}},{"start":{"line":72,"column":56},"end":{"line":72,"column":79}}],"line":72},"9":{"loc":{"start":{"line":86,"column":23},"end":{"line":86,"column":73}},"type":"binary-expr","locations":[{"start":{"line":86,"column":23},"end":{"line":86,"column":46}},{"start":{"line":86,"column":50},"end":{"line":86,"column":73}}],"line":86},"10":{"loc":{"start":{"line":91,"column":6},"end":{"line":96,"column":7}},"type":"if","locations":[{"start":{"line":91,"column":6},"end":{"line":96,"column":7}},{"start":{"line":93,"column":13},"end":{"line":96,"column":7}}],"line":91},"11":{"loc":{"start":{"line":91,"column":10},"end":{"line":91,"column":49}},"type":"binary-expr","locations":[{"start":{"line":91,"column":10},"end":{"line":91,"column":17}},{"start":{"line":91,"column":21},"end":{"line":91,"column":49}}],"line":91},"12":{"loc":{"start":{"line":188,"column":13},"end":{"line":188,"column":75}},"type":"cond-expr","locations":[{"start":{"line":188,"column":54},"end":{"line":188,"column":63}},{"start":{"line":188,"column":66},"end":{"line":188,"column":75}}],"line":188},"13":{"loc":{"start":{"line":195,"column":23},"end":{"line":195,"column":40}},"type":"binary-expr","locations":[{"start":{"line":195,"column":23},"end":{"line":195,"column":33}},{"start":{"line":195,"column":37},"end":{"line":195,"column":40}}],"line":195},"14":{"loc":{"start":{"line":196,"column":20},"end":{"line":198,"column":19}},"type":"cond-expr","locations":[{"start":{"line":197,"column":8},"end":{"line":197,"column":36}},{"start":{"line":198,"column":8},"end":{"line":198,"column":19}}],"line":196},"15":{"loc":{"start":{"line":203,"column":10},"end":{"line":203,"column":72}},"type":"binary-expr","locations":[{"start":{"line":203,"column":10},"end":{"line":203,"column":48}},{"start":{"line":203,"column":52},"end":{"line":203,"column":72}}],"line":203}},"s":{"0":1,"1":1,"2":1,"3":1,"4":1,"5":1,"6":1,"7":1,"8":1,"9":1,"10":1,"11":1,"12":1,"13":1,"14":1,"15":1,"16":0,"17":0,"18":1,"19":0,"20":0,"21":1,"22":0,"23":0,"24":1,"25":1,"26":1,"27":10,"28":10,"29":10,"30":10,"31":10,"32":1,"33":1,"34":1,"35":10,"36":10,"37":0,"38":0,"39":1,"40":1,"41":1,"42":1,"43":1,"44":1,"45":1,"46":1,"47":1,"48":10,"49":10,"50":1,"51":1,"52":1,"53":1,"54":1,"55":1,"56":1,"57":1,"58":1,"59":1,"60":1,"61":0,"62":1,"63":0,"64":1,"65":0,"66":1,"67":0,"68":0,"69":0,"70":0,"71":1,"72":1},"f":{"0":1,"1":10,"2":1,"3":10,"4":10,"5":0,"6":0,"7":0,"8":0},"b":{"0":[1,1],"1":[1,0],"2":[0,1],"3":[1,0],"4":[0,1],"5":[1,0],"6":[0,1],"7":[1,0],"8":[1,1],"9":[1,1],"10":[10,0],"11":[10,0],"12":[0,0],"13":[0,0],"14":[0,0],"15":[0,0]},"_coverageSchema":"1a1c01bbd47fc00a2c39e90264f33305004495a9","hash":"6a23239274268fdf1d00b127d58e6847a903d32f"}
,"C:\\Users\\vecch\\OneDrive\\Escritorio\\Dashboard Sharkfit 30 enero - Copy-export (1)\\backend-data-intake\\src\\db\\mongodb.js": {"path":"C:\\Users\\vecch\\OneDrive\\Escritorio\\Dashboard Sharkfit 30 enero - Copy-export (1)\\backend-data-intake\\src\\db\\mongodb.js","statementMap":{"0":{"start":{"line":1,"column":17},"end":{"line":1,"column":36}},"1":{"start":{"line":2,"column":19},"end":{"line":2,"column":45}},"2":{"start":{"line":4,"column":18},"end":{"line":4,"column":23}},"3":{"start":{"line":6,"column":24},"end":{"line":12,"column":2}},"4":{"start":{"line":6,"column":31},"end":{"line":12,"column":1}},"5":{"start":{"line":14,"column":27},"end":{"line":30,"column":1}},"6":{"start":{"line":15,"column":18},"end":{"line":15,"column":38}},"7":{"start":{"line":17,"column":2},"end":{"line":19,"column":3}},"8":{"start":{"line":18,"column":4},"end":{"line":18,"column":83}},"9":{"start":{"line":21,"column":2},"end":{"line":23,"column":3}},"10":{"start":{"line":22,"column":4},"end":{"line":22,"column":85}},"11":{"start":{"line":25,"column":2},"end":{"line":27,"column":3}},"12":{"start":{"line":26,"column":4},"end":{"line":26,"column":88}},"13":{"start":{"line":29,"column":2},"end":{"line":29,"column":50}},"14":{"start":{"line":32,"column":18},"end":{"line":73,"column":1}},"15":{"start":{"line":33,"column":2},"end":{"line":36,"column":3}},"16":{"start":{"line":34,"column":4},"end":{"line":34,"column":45}},"17":{"start":{"line":35,"column":4},"end":{"line":35,"column":11}},"18":{"start":{"line":38,"column":21},"end":{"line":38,"column":93}},"19":{"start":{"line":39,"column":22},"end":{"line":39,"column":102}},"20":{"start":{"line":41,"column":2},"end":{"line":72,"column":3}},"21":{"start":{"line":42,"column":4},"end":{"line":42,"column":58}},"22":{"start":{"line":44,"column":4},"end":{"line":44,"column":23}},"23":{"start":{"line":45,"column":4},"end":{"line":45,"column":52}},"24":{"start":{"line":48,"column":4},"end":{"line":51,"column":5}},"25":{"start":{"line":49,"column":6},"end":{"line":49,"column":57}},"26":{"start":{"line":50,"column":6},"end":{"line":50,"column":88}},"27":{"start":{"line":53,"column":17},"end":{"line":53,"column":42}},"28":{"start":{"line":54,"column":4},"end":{"line":54,"column":93}},"29":{"start":{"line":55,"column":4},"end":{"line":55,"column":44}},"30":{"start":{"line":57,"column":24},"end":{"line":57,"column":65}},"31":{"start":{"line":58,"column":4},"end":{"line":69,"column":5}},"32":{"start":{"line":59,"column":6},"end":{"line":68,"column":7}},"33":{"start":{"line":60,"column":8},"end":{"line":60,"column":69}},"34":{"start":{"line":61,"column":8},"end":{"line":61,"column":52}},"35":{"start":{"line":62,"column":8},"end":{"line":62,"column":63}},"36":{"start":{"line":63,"column":8},"end":{"line":63,"column":27}},"37":{"start":{"line":64,"column":8},"end":{"line":64,"column":66}},"38":{"start":{"line":65,"column":8},"end":{"line":65,"column":15}},"39":{"start":{"line":67,"column":8},"end":{"line":67,"column":117}},"40":{"start":{"line":71,"column":4},"end":{"line":71,"column":16}},"41":{"start":{"line":75,"column":21},"end":{"line":88,"column":1}},"42":{"start":{"line":76,"column":2},"end":{"line":78,"column":3}},"43":{"start":{"line":77,"column":4},"end":{"line":77,"column":11}},"44":{"start":{"line":80,"column":2},"end":{"line":87,"column":3}},"45":{"start":{"line":81,"column":4},"end":{"line":81,"column":32}},"46":{"start":{"line":82,"column":4},"end":{"line":82,"column":24}},"47":{"start":{"line":83,"column":4},"end":{"line":83,"column":43}},"48":{"start":{"line":85,"column":4},"end":{"line":85,"column":58}},"49":{"start":{"line":86,"column":4},"end":{"line":86,"column":16}},"50":{"start":{"line":90,"column":0},"end":{"line":94,"column":2}}},"fnMap":{"0":{"name":"(anonymous_0)","decl":{"start":{"line":6,"column":24},"end":{"line":6,"column":25}},"loc":{"start":{"line":6,"column":31},"end":{"line":12,"column":1}},"line":6},"1":{"name":"(anonymous_1)","decl":{"start":{"line":14,"column":27},"end":{"line":14,"column":28}},"loc":{"start":{"line":14,"column":38},"end":{"line":30,"column":1}},"line":14},"2":{"name":"(anonymous_2)","decl":{"start":{"line":32,"column":18},"end":{"line":32,"column":19}},"loc":{"start":{"line":32,"column":30},"end":{"line":73,"column":1}},"line":32},"3":{"name":"(anonymous_3)","decl":{"start":{"line":61,"column":42},"end":{"line":61,"column":43}},"loc":{"start":{"line":61,"column":48},"end":{"line":61,"column":50}},"line":61},"4":{"name":"(anonymous_4)","decl":{"start":{"line":75,"column":21},"end":{"line":75,"column":22}},"loc":{"start":{"line":75,"column":33},"end":{"line":88,"column":1}},"line":75}},"branchMap":{"0":{"loc":{"start":{"line":10,"column":35},"end":{"line":10,"column":91}},"type":"binary-expr","locations":[{"start":{"line":10,"column":35},"end":{"line":10,"column":82}},{"start":{"line":10,"column":86},"end":{"line":10,"column":91}}],"line":10},"1":{"loc":{"start":{"line":11,"column":27},"end":{"line":11,"column":74}},"type":"binary-expr","locations":[{"start":{"line":11,"column":27},"end":{"line":11,"column":65}},{"start":{"line":11,"column":69},"end":{"line":11,"column":74}}],"line":11},"2":{"loc":{"start":{"line":15,"column":18},"end":{"line":15,"column":38}},"type":"binary-expr","locations":[{"start":{"line":15,"column":18},"end":{"line":15,"column":32}},{"start":{"line":15,"column":36},"end":{"line":15,"column":38}}],"line":15},"3":{"loc":{"start":{"line":17,"column":2},"end":{"line":19,"column":3}},"type":"if","locations":[{"start":{"line":17,"column":2},"end":{"line":19,"column":3}},{"start":{},"end":{}}],"line":17},"4":{"loc":{"start":{"line":21,"column":2},"end":{"line":23,"column":3}},"type":"if","locations":[{"start":{"line":21,"column":2},"end":{"line":23,"column":3}},{"start":{},"end":{}}],"line":21},"5":{"loc":{"start":{"line":25,"column":2},"end":{"line":27,"column":3}},"type":"if","locations":[{"start":{"line":25,"column":2},"end":{"line":27,"column":3}},{"start":{},"end":{}}],"line":25},"6":{"loc":{"start":{"line":33,"column":2},"end":{"line":36,"column":3}},"type":"if","locations":[{"start":{"line":33,"column":2},"end":{"line":36,"column":3}},{"start":{},"end":{}}],"line":33},"7":{"loc":{"start":{"line":38,"column":22},"end":{"line":38,"column":85}},"type":"binary-expr","locations":[{"start":{"line":38,"column":22},"end":{"line":38,"column":45}},{"start":{"line":38,"column":49},"end":{"line":38,"column":85}}],"line":38},"8":{"loc":{"start":{"line":39,"column":23},"end":{"line":39,"column":94}},"type":"binary-expr","locations":[{"start":{"line":39,"column":23},"end":{"line":39,"column":55}},{"start":{"line":39,"column":59},"end":{"line":39,"column":88}},{"start":{"line":39,"column":92},"end":{"line":39,"column":94}}],"line":39},"9":{"loc":{"start":{"line":48,"column":4},"end":{"line":51,"column":5}},"type":"if","locations":[{"start":{"line":48,"column":4},"end":{"line":51,"column":5}},{"start":{},"end":{}}],"line":48},"10":{"loc":{"start":{"line":54,"column":61},"end":{"line":54,"column":83}},"type":"binary-expr","locations":[{"start":{"line":54,"column":61},"end":{"line":54,"column":74}},{"start":{"line":54,"column":78},"end":{"line":54,"column":83}}],"line":54},"11":{"loc":{"start":{"line":57,"column":24},"end":{"line":57,"column":65}},"type":"binary-expr","locations":[{"start":{"line":57,"column":24},"end":{"line":57,"column":35}},{"start":{"line":57,"column":39},"end":{"line":57,"column":65}}],"line":57},"12":{"loc":{"start":{"line":58,"column":4},"end":{"line":69,"column":5}},"type":"if","locations":[{"start":{"line":58,"column":4},"end":{"line":69,"column":5}},{"start":{},"end":{}}],"line":58},"13":{"loc":{"start":{"line":67,"column":75},"end":{"line":67,"column":113}},"type":"binary-expr","locations":[{"start":{"line":67,"column":75},"end":{"line":67,"column":96}},{"start":{"line":67,"column":100},"end":{"line":67,"column":113}}],"line":67},"14":{"loc":{"start":{"line":76,"column":2},"end":{"line":78,"column":3}},"type":"if","locations":[{"start":{"line":76,"column":2},"end":{"line":78,"column":3}},{"start":{},"end":{}}],"line":76}},"s":{"0":1,"1":1,"2":1,"3":1,"4":0,"5":1,"6":0,"7":0,"8":0,"9":0,"10":0,"11":0,"12":0,"13":0,"14":1,"15":0,"16":0,"17":0,"18":0,"19":0,"20":0,"21":0,"22":0,"23":0,"24":0,"25":0,"26":0,"27":0,"28":0,"29":0,"30":0,"31":0,"32":0,"33":0,"34":0,"35":0,"36":0,"37":0,"38":0,"39":0,"40":0,"41":1,"42":0,"43":0,"44":0,"45":0,"46":0,"47":0,"48":0,"49":0,"50":1},"f":{"0":0,"1":0,"2":0,"3":0,"4":0},"b":{"0":[0,0],"1":[0,0],"2":[0,0],"3":[0,0],"4":[0,0],"5":[0,0],"6":[0,0],"7":[0,0],"8":[0,0,0],"9":[0,0],"10":[0,0],"11":[0,0],"12":[0,0],"13":[0,0],"14":[0,0]},"_coverageSchema":"1a1c01bbd47fc00a2c39e90264f33305004495a9","hash":"a126d87c43ad4fa27c344f8ef4244c4838980261"}
,"C:\\Users\\vecch\\OneDrive\\Escritorio\\Dashboard Sharkfit 30 enero - Copy-export (1)\\backend-data-intake\\src\\events\\EventBus.js": {"path":"C:\\Users\\vecch\\OneDrive\\Escritorio\\Dashboard Sharkfit 30 enero - Copy-export (1)\\backend-data-intake\\src\\events\\EventBus.js","statementMap":{"0":{"start":{"line":12,"column":19},"end":{"line":12,"column":45}},"1":{"start":{"line":16,"column":18},"end":{"line":16,"column":27}},"2":{"start":{"line":22,"column":19},"end":{"line":56,"column":1}},"3":{"start":{"line":63,"column":2},"end":{"line":65,"column":3}},"4":{"start":{"line":64,"column":4},"end":{"line":64,"column":64}},"5":{"start":{"line":67,"column":16},"end":{"line":72,"column":3}},"6":{"start":{"line":76,"column":2},"end":{"line":84,"column":3}},"7":{"start":{"line":77,"column":4},"end":{"line":83,"column":5}},"8":{"start":{"line":78,"column":6},"end":{"line":82,"column":7}},"9":{"start":{"line":79,"column":8},"end":{"line":79,"column":29}},"10":{"start":{"line":81,"column":8},"end":{"line":81,"column":74}},"11":{"start":{"line":85,"column":2},"end":{"line":85,"column":79}},"12":{"start":{"line":86,"column":2},"end":{"line":86,"column":15}},"13":{"start":{"line":94,"column":2},"end":{"line":96,"column":3}},"14":{"start":{"line":95,"column":4},"end":{"line":95,"column":40}},"15":{"start":{"line":97,"column":2},"end":{"line":97,"column":40}},"16":{"start":{"line":98,"column":2},"end":{"line":100,"column":4}},"17":{"start":{"line":99,"column":4},"end":{"line":99,"column":45}},"18":{"start":{"line":108,"column":2},"end":{"line":108,"column":12}},"19":{"start":{"line":115,"column":0},"end":{"line":120,"column":2}}},"fnMap":{"0":{"name":"emit","decl":{"start":{"line":62,"column":15},"end":{"line":62,"column":19}},"loc":{"start":{"line":62,"column":37},"end":{"line":87,"column":1}},"line":62},"1":{"name":"subscribe","decl":{"start":{"line":93,"column":9},"end":{"line":93,"column":18}},"loc":{"start":{"line":93,"column":39},"end":{"line":101,"column":1}},"line":93},"2":{"name":"(anonymous_2)","decl":{"start":{"line":98,"column":9},"end":{"line":98,"column":10}},"loc":{"start":{"line":98,"column":15},"end":{"line":100,"column":3}},"line":98},"3":{"name":"getEventHistory","decl":{"start":{"line":107,"column":15},"end":{"line":107,"column":30}},"loc":{"start":{"line":107,"column":55},"end":{"line":109,"column":1}},"line":107}},"branchMap":{"0":{"loc":{"start":{"line":63,"column":2},"end":{"line":65,"column":3}},"type":"if","locations":[{"start":{"line":63,"column":2},"end":{"line":65,"column":3}},{"start":{},"end":{}}],"line":63},"1":{"loc":{"start":{"line":76,"column":2},"end":{"line":84,"column":3}},"type":"if","locations":[{"start":{"line":76,"column":2},"end":{"line":84,"column":3}},{"start":{},"end":{}}],"line":76},"2":{"loc":{"start":{"line":94,"column":2},"end":{"line":96,"column":3}},"type":"if","locations":[{"start":{"line":94,"column":2},"end":{"line":96,"column":3}},{"start":{},"end":{}}],"line":94},"3":{"loc":{"start":{"line":107,"column":42},"end":{"line":107,"column":53}},"type":"default-arg","locations":[{"start":{"line":107,"column":50},"end":{"line":107,"column":53}}],"line":107}},"s":{"0":1,"1":1,"2":1,"3":0,"4":0,"5":0,"6":0,"7":0,"8":0,"9":0,"10":0,"11":0,"12":0,"13":0,"14":0,"15":0,"16":0,"17":0,"18":0,"19":1},"f":{"0":0,"1":0,"2":0,"3":0},"b":{"0":[0,0],"1":[0,0],"2":[0,0],"3":[0]},"_coverageSchema":"1a1c01bbd47fc00a2c39e90264f33305004495a9","hash":"e8eb642bc41f1e2acacab2323601ed5a8c8e10a5"}
,"C:\\Users\\vecch\\OneDrive\\Escritorio\\Dashboard Sharkfit 30 enero - Copy-export (1)\\backend-data-intake\\src\\events\\eventTypes.js": {"path":"C:\\Users\\vecch\\OneDrive\\Escritorio\\Dashboard Sharkfit 30 enero - Copy-export (1)\\backend-data-intake\\src\\events\\eventTypes.js","statementMap":{"0":{"start":{"line":7,"column":0},"end":{"line":134,"column":2}},"1":{"start":{"line":141,"column":24},"end":{"line":235,"column":1}},"2":{"start":{"line":237,"column":0},"end":{"line":237,"column":49}}},"fnMap":{},"branchMap":{},"s":{"0":1,"1":1,"2":1},"f":{},"b":{},"_coverageSchema":"1a1c01bbd47fc00a2c39e90264f33305004495a9","hash":"547dff21ffeb072b3e8ecdbcab0ae07683da2fa3"}
,"C:\\Users\\vecch\\OneDrive\\Escritorio\\Dashboard Sharkfit 30 enero - Copy-export (1)\\backend-data-intake\\src\\middleware\\auth.js": {"path":"C:\\Users\\vecch\\OneDrive\\Escritorio\\Dashboard Sharkfit 30 enero - Copy-export (1)\\backend-data-intake\\src\\middleware\\auth.js","statementMap":{"0":{"start":{"line":1,"column":12},"end":{"line":1,"column":35}},"1":{"start":{"line":2,"column":20},"end":{"line":2,"column":40}},"2":{"start":{"line":3,"column":19},"end":{"line":3,"column":45}},"3":{"start":{"line":6,"column":28},"end":{"line":6,"column":83}},"4":{"start":{"line":8,"column":0},"end":{"line":14,"column":1}},"5":{"start":{"line":9,"column":2},"end":{"line":13,"column":4}},"6":{"start":{"line":16,"column":0},"end":{"line":18,"column":1}},"7":{"start":{"line":17,"column":2},"end":{"line":17,"column":79}},"8":{"start":{"line":20,"column":20},"end":{"line":71,"column":1}},"9":{"start":{"line":22,"column":21},"end":{"line":22,"column":52}},"10":{"start":{"line":23,"column":2},"end":{"line":26,"column":3}},"11":{"start":{"line":24,"column":4},"end":{"line":24,"column":75}},"12":{"start":{"line":25,"column":4},"end":{"line":25,"column":71}},"13":{"start":{"line":27,"column":16},"end":{"line":27,"column":35}},"14":{"start":{"line":30,"column":2},"end":{"line":35,"column":3}},"15":{"start":{"line":31,"column":4},"end":{"line":31,"column":53}},"16":{"start":{"line":33,"column":4},"end":{"line":33,"column":112}},"17":{"start":{"line":34,"column":4},"end":{"line":34,"column":71}},"18":{"start":{"line":37,"column":14},"end":{"line":37,"column":78}},"19":{"start":{"line":38,"column":2},"end":{"line":41,"column":3}},"20":{"start":{"line":39,"column":4},"end":{"line":39,"column":78}},"21":{"start":{"line":40,"column":4},"end":{"line":40,"column":71}},"22":{"start":{"line":43,"column":15},"end":{"line":45,"column":11}},"23":{"start":{"line":46,"column":2},"end":{"line":49,"column":3}},"24":{"start":{"line":47,"column":4},"end":{"line":47,"column":80}},"25":{"start":{"line":48,"column":4},"end":{"line":48,"column":71}},"26":{"start":{"line":51,"column":2},"end":{"line":54,"column":3}},"27":{"start":{"line":52,"column":4},"end":{"line":52,"column":78}},"28":{"start":{"line":53,"column":4},"end":{"line":53,"column":71}},"29":{"start":{"line":56,"column":2},"end":{"line":58,"column":3}},"30":{"start":{"line":57,"column":4},"end":{"line":57,"column":78}},"31":{"start":{"line":59,"column":2},"end":{"line":61,"column":3}},"32":{"start":{"line":60,"column":4},"end":{"line":60,"column":90}},"33":{"start":{"line":63,"column":2},"end":{"line":68,"column":4}},"34":{"start":{"line":70,"column":2},"end":{"line":70,"column":9}},"35":{"start":{"line":73,"column":20},"end":{"line":95,"column":1}},"36":{"start":{"line":74,"column":2},"end":{"line":94,"column":4}},"37":{"start":{"line":75,"column":4},"end":{"line":80,"column":5}},"38":{"start":{"line":76,"column":6},"end":{"line":79,"column":9}},"39":{"start":{"line":82,"column":4},"end":{"line":84,"column":5}},"40":{"start":{"line":83,"column":6},"end":{"line":83,"column":20}},"41":{"start":{"line":86,"column":4},"end":{"line":91,"column":5}},"42":{"start":{"line":87,"column":6},"end":{"line":90,"column":9}},"43":{"start":{"line":93,"column":4},"end":{"line":93,"column":11}},"44":{"start":{"line":99,"column":2},"end":{"line":99,"column":53}},"45":{"start":{"line":99,"column":39},"end":{"line":99,"column":53}},"46":{"start":{"line":100,"column":2},"end":{"line":102,"column":3}},"47":{"start":{"line":101,"column":4},"end":{"line":101,"column":75}},"48":{"start":{"line":103,"column":19},"end":{"line":103,"column":27}},"49":{"start":{"line":104,"column":2},"end":{"line":106,"column":3}},"50":{"start":{"line":105,"column":4},"end":{"line":105,"column":18}},"51":{"start":{"line":108,"column":21},"end":{"line":108,"column":47}},"52":{"start":{"line":109,"column":2},"end":{"line":109,"column":94}},"53":{"start":{"line":110,"column":2},"end":{"line":110,"column":69}},"54":{"start":{"line":113,"column":0},"end":{"line":117,"column":2}}},"fnMap":{"0":{"name":"(anonymous_0)","decl":{"start":{"line":20,"column":20},"end":{"line":20,"column":21}},"loc":{"start":{"line":20,"column":46},"end":{"line":71,"column":1}},"line":20},"1":{"name":"(anonymous_1)","decl":{"start":{"line":73,"column":20},"end":{"line":73,"column":21}},"loc":{"start":{"line":73,"column":43},"end":{"line":95,"column":1}},"line":73},"2":{"name":"(anonymous_2)","decl":{"start":{"line":74,"column":9},"end":{"line":74,"column":10}},"loc":{"start":{"line":74,"column":29},"end":{"line":94,"column":3}},"line":74},"3":{"name":"requireStaff","decl":{"start":{"line":98,"column":9},"end":{"line":98,"column":21}},"loc":{"start":{"line":98,"column":38},"end":{"line":111,"column":1}},"line":98}},"branchMap":{"0":{"loc":{"start":{"line":6,"column":28},"end":{"line":6,"column":83}},"type":"binary-expr","locations":[{"start":{"line":6,"column":28},"end":{"line":6,"column":57}},{"start":{"line":6,"column":61},"end":{"line":6,"column":83}}],"line":6},"1":{"loc":{"start":{"line":8,"column":0},"end":{"line":14,"column":1}},"type":"if","locations":[{"start":{"line":8,"column":0},"end":{"line":14,"column":1}},{"start":{},"end":{}}],"line":8},"2":{"loc":{"start":{"line":16,"column":0},"end":{"line":18,"column":1}},"type":"if","locations":[{"start":{"line":16,"column":0},"end":{"line":18,"column":1}},{"start":{},"end":{}}],"line":16},"3":{"loc":{"start":{"line":16,"column":4},"end":{"line":16,"column":80}},"type":"binary-expr","locations":[{"start":{"line":16,"column":4},"end":{"line":16,"column":41}},{"start":{"line":16,"column":45},"end":{"line":16,"column":80}}],"line":16},"4":{"loc":{"start":{"line":22,"column":21},"end":{"line":22,"column":52}},"type":"binary-expr","locations":[{"start":{"line":22,"column":21},"end":{"line":22,"column":46}},{"start":{"line":22,"column":50},"end":{"line":22,"column":52}}],"line":22},"5":{"loc":{"start":{"line":23,"column":2},"end":{"line":26,"column":3}},"type":"if","locations":[{"start":{"line":23,"column":2},"end":{"line":26,"column":3}},{"start":{},"end":{}}],"line":23},"6":{"loc":{"start":{"line":37,"column":14},"end":{"line":37,"column":78}},"type":"binary-expr","locations":[{"start":{"line":37,"column":14},"end":{"line":37,"column":28}},{"start":{"line":37,"column":32},"end":{"line":37,"column":42}},{"start":{"line":37,"column":46},"end":{"line":37,"column":57}},{"start":{"line":37,"column":61},"end":{"line":37,"column":78}}],"line":37},"7":{"loc":{"start":{"line":38,"column":2},"end":{"line":41,"column":3}},"type":"if","locations":[{"start":{"line":38,"column":2},"end":{"line":41,"column":3}},{"start":{},"end":{}}],"line":38},"8":{"loc":{"start":{"line":46,"column":2},"end":{"line":49,"column":3}},"type":"if","locations":[{"start":{"line":46,"column":2},"end":{"line":49,"column":3}},{"start":{},"end":{}}],"line":46},"9":{"loc":{"start":{"line":51,"column":2},"end":{"line":54,"column":3}},"type":"if","locations":[{"start":{"line":51,"column":2},"end":{"line":54,"column":3}},{"start":{},"end":{}}],"line":51},"10":{"loc":{"start":{"line":56,"column":2},"end":{"line":58,"column":3}},"type":"if","locations":[{"start":{"line":56,"column":2},"end":{"line":58,"column":3}},{"start":{},"end":{}}],"line":56},"11":{"loc":{"start":{"line":56,"column":6},"end":{"line":56,"column":48}},"type":"binary-expr","locations":[{"start":{"line":56,"column":6},"end":{"line":56,"column":18}},{"start":{"line":56,"column":22},"end":{"line":56,"column":48}}],"line":56},"12":{"loc":{"start":{"line":59,"column":2},"end":{"line":61,"column":3}},"type":"if","locations":[{"start":{"line":59,"column":2},"end":{"line":61,"column":3}},{"start":{},"end":{}}],"line":59},"13":{"loc":{"start":{"line":73,"column":21},"end":{"line":73,"column":38}},"type":"default-arg","locations":[{"start":{"line":73,"column":36},"end":{"line":73,"column":38}}],"line":73},"14":{"loc":{"start":{"line":75,"column":4},"end":{"line":80,"column":5}},"type":"if","locations":[{"start":{"line":75,"column":4},"end":{"line":80,"column":5}},{"start":{},"end":{}}],"line":75},"15":{"loc":{"start":{"line":82,"column":4},"end":{"line":84,"column":5}},"type":"if","locations":[{"start":{"line":82,"column":4},"end":{"line":84,"column":5}},{"start":{},"end":{}}],"line":82},"16":{"loc":{"start":{"line":86,"column":4},"end":{"line":91,"column":5}},"type":"if","locations":[{"start":{"line":86,"column":4},"end":{"line":91,"column":5}},{"start":{},"end":{}}],"line":86},"17":{"loc":{"start":{"line":99,"column":2},"end":{"line":99,"column":53}},"type":"if","locations":[{"start":{"line":99,"column":2},"end":{"line":99,"column":53}},{"start":{},"end":{}}],"line":99},"18":{"loc":{"start":{"line":100,"column":2},"end":{"line":102,"column":3}},"type":"if","locations":[{"start":{"line":100,"column":2},"end":{"line":102,"column":3}},{"start":{},"end":{}}],"line":100},"19":{"loc":{"start":{"line":104,"column":2},"end":{"line":106,"column":3}},"type":"if","locations":[{"start":{"line":104,"column":2},"end":{"line":106,"column":3}},{"start":{},"end":{}}],"line":104},"20":{"loc":{"start":{"line":104,"column":6},"end":{"line":104,"column":42}},"type":"binary-expr","locations":[{"start":{"line":104,"column":6},"end":{"line":104,"column":22}},{"start":{"line":104,"column":26},"end":{"line":104,"column":42}}],"line":104}},"s":{"0":1,"1":1,"2":1,"3":1,"4":1,"5":0,"6":1,"7":0,"8":1,"9":6,"10":6,"11":3,"12":3,"13":3,"14":3,"15":3,"16":1,"17":1,"18":2,"19":2,"20":0,"21":0,"22":2,"23":2,"24":0,"25":0,"26":2,"27":0,"28":0,"29":2,"30":0,"31":2,"32":0,"33":2,"34":2,"35":1,"36":3,"37":0,"38":0,"39":0,"40":0,"41":0,"42":0,"43":0,"44":2,"45":2,"46":0,"47":0,"48":0,"49":0,"50":0,"51":0,"52":0,"53":0,"54":1},"f":{"0":6,"1":3,"2":0,"3":2},"b":{"0":[1,0],"1":[0,1],"2":[0,1],"3":[1,0],"4":[6,3],"5":[3,3],"6":[2,0,0,0],"7":[0,2],"8":[0,2],"9":[0,2],"10":[0,2],"11":[2,2],"12":[0,2],"13":[0],"14":[0,0],"15":[0,0],"16":[0,0],"17":[2,0],"18":[0,0],"19":[0,0],"20":[0,0]},"_coverageSchema":"1a1c01bbd47fc00a2c39e90264f33305004495a9","hash":"e75c5d5c7cf545042adccc6d93d71df0a495e2cb"}
,"C:\\Users\\vecch\\OneDrive\\Escritorio\\Dashboard Sharkfit 30 enero - Copy-export (1)\\backend-data-intake\\src\\middleware\\rateLimiter.js": {"path":"C:\\Users\\vecch\\OneDrive\\Escritorio\\Dashboard Sharkfit 30 enero - Copy-export (1)\\backend-data-intake\\src\\middleware\\rateLimiter.js","statementMap":{"0":{"start":{"line":6,"column":18},"end":{"line":6,"column":47}},"1":{"start":{"line":11,"column":20},"end":{"line":20,"column":2}},"2":{"start":{"line":25,"column":26},"end":{"line":32,"column":2}},"3":{"start":{"line":37,"column":27},"end":{"line":44,"column":2}},"4":{"start":{"line":50,"column":29},"end":{"line":60,"column":2}},"5":{"start":{"line":59,"column":17},"end":{"line":59,"column":54}},"6":{"start":{"line":65,"column":32},"end":{"line":74,"column":2}},"7":{"start":{"line":76,"column":0},"end":{"line":82,"column":2}}},"fnMap":{"0":{"name":"(anonymous_0)","decl":{"start":{"line":59,"column":8},"end":{"line":59,"column":9}},"loc":{"start":{"line":59,"column":17},"end":{"line":59,"column":54}},"line":59}},"branchMap":{},"s":{"0":1,"1":1,"2":1,"3":1,"4":1,"5":0,"6":1,"7":1},"f":{"0":0},"b":{},"_coverageSchema":"1a1c01bbd47fc00a2c39e90264f33305004495a9","hash":"78562266c70b76de7c0bb08de12acddbf483287c"}
,"C:\\Users\\vecch\\OneDrive\\Escritorio\\Dashboard Sharkfit 30 enero - Copy-export (1)\\backend-data-intake\\src\\middleware\\validation.IMPROVED.js": {"path":"C:\\Users\\vecch\\OneDrive\\Escritorio\\Dashboard Sharkfit 30 enero - Copy-export (1)\\backend-data-intake\\src\\middleware\\validation.IMPROVED.js","statementMap":{"0":{"start":{"line":13,"column":12},"end":{"line":13,"column":26}},"1":{"start":{"line":14,"column":22},"end":{"line":14,"column":55}},"2":{"start":{"line":15,"column":15},"end":{"line":15,"column":40}},"3":{"start":{"line":21,"column":16},"end":{"line":67,"column":1}},"4":{"start":{"line":73,"column":24},"end":{"line":98,"column":1}},"5":{"start":{"line":74,"column":2},"end":{"line":97,"column":4}},"6":{"start":{"line":75,"column":29},"end":{"line":78,"column":6}},"7":{"start":{"line":80,"column":4},"end":{"line":92,"column":5}},"8":{"start":{"line":82,"column":23},"end":{"line":82,"column":60}},"9":{"start":{"line":82,"column":48},"end":{"line":82,"column":59}},"10":{"start":{"line":84,"column":6},"end":{"line":91,"column":9}},"11":{"start":{"line":88,"column":10},"end":{"line":88,"column":48}},"12":{"start":{"line":89,"column":10},"end":{"line":89,"column":21}},"13":{"start":{"line":95,"column":4},"end":{"line":95,"column":21}},"14":{"start":{"line":96,"column":4},"end":{"line":96,"column":11}},"15":{"start":{"line":104,"column":30},"end":{"line":131,"column":1}},"16":{"start":{"line":106,"column":2},"end":{"line":106,"column":27}},"17":{"start":{"line":109,"column":2},"end":{"line":109,"column":28}},"18":{"start":{"line":112,"column":17},"end":{"line":112,"column":34}},"19":{"start":{"line":113,"column":2},"end":{"line":113,"column":20}},"20":{"start":{"line":114,"column":2},"end":{"line":122,"column":6}},"21":{"start":{"line":125,"column":2},"end":{"line":130,"column":5}},"22":{"start":{"line":126,"column":4},"end":{"line":126,"column":45}},"23":{"start":{"line":127,"column":4},"end":{"line":127,"column":55}},"24":{"start":{"line":128,"column":4},"end":{"line":128,"column":55}},"25":{"start":{"line":129,"column":4},"end":{"line":129,"column":11}},"26":{"start":{"line":142,"column":0},"end":{"line":146,"column":2}}},"fnMap":{"0":{"name":"(anonymous_0)","decl":{"start":{"line":73,"column":24},"end":{"line":73,"column":25}},"loc":{"start":{"line":73,"column":36},"end":{"line":98,"column":1}},"line":73},"1":{"name":"(anonymous_1)","decl":{"start":{"line":74,"column":9},"end":{"line":74,"column":10}},"loc":{"start":{"line":74,"column":29},"end":{"line":97,"column":3}},"line":74},"2":{"name":"(anonymous_2)","decl":{"start":{"line":82,"column":41},"end":{"line":82,"column":42}},"loc":{"start":{"line":82,"column":48},"end":{"line":82,"column":59}},"line":82},"3":{"name":"(anonymous_3)","decl":{"start":{"line":87,"column":37},"end":{"line":87,"column":38}},"loc":{"start":{"line":87,"column":51},"end":{"line":90,"column":9}},"line":87},"4":{"name":"(anonymous_4)","decl":{"start":{"line":104,"column":30},"end":{"line":104,"column":31}},"loc":{"start":{"line":104,"column":39},"end":{"line":131,"column":1}},"line":104},"5":{"name":"(anonymous_5)","decl":{"start":{"line":125,"column":10},"end":{"line":125,"column":11}},"loc":{"start":{"line":125,"column":30},"end":{"line":130,"column":3}},"line":125}},"branchMap":{"0":{"loc":{"start":{"line":80,"column":4},"end":{"line":92,"column":5}},"type":"if","locations":[{"start":{"line":80,"column":4},"end":{"line":92,"column":5}},{"start":{},"end":{}}],"line":80},"1":{"loc":{"start":{"line":120,"column":29},"end":{"line":120,"column":79}},"type":"binary-expr","locations":[{"start":{"line":120,"column":29},"end":{"line":120,"column":52}},{"start":{"line":120,"column":56},"end":{"line":120,"column":79}}],"line":120}},"s":{"0":1,"1":1,"2":1,"3":1,"4":1,"5":0,"6":0,"7":0,"8":0,"9":0,"10":0,"11":0,"12":0,"13":0,"14":0,"15":1,"16":0,"17":0,"18":0,"19":0,"20":0,"21":0,"22":0,"23":0,"24":0,"25":0,"26":1},"f":{"0":0,"1":0,"2":0,"3":0,"4":0,"5":0},"b":{"0":[0,0],"1":[0,0]},"_coverageSchema":"1a1c01bbd47fc00a2c39e90264f33305004495a9","hash":"1c3b5f7a85727ebf0745ae5e623068423fd9b9b2"}
,"C:\\Users\\vecch\\OneDrive\\Escritorio\\Dashboard Sharkfit 30 enero - Copy-export (1)\\backend-data-intake\\src\\middleware\\validation.js": {"path":"C:\\Users\\vecch\\OneDrive\\Escritorio\\Dashboard Sharkfit 30 enero - Copy-export (1)\\backend-data-intake\\src\\middleware\\validation.js","statementMap":{"0":{"start":{"line":13,"column":12},"end":{"line":13,"column":26}},"1":{"start":{"line":19,"column":16},"end":{"line":79,"column":1}},"2":{"start":{"line":85,"column":24},"end":{"line":110,"column":1}},"3":{"start":{"line":86,"column":2},"end":{"line":109,"column":4}},"4":{"start":{"line":87,"column":29},"end":{"line":90,"column":6}},"5":{"start":{"line":92,"column":4},"end":{"line":104,"column":5}},"6":{"start":{"line":94,"column":21},"end":{"line":97,"column":12}},"7":{"start":{"line":95,"column":8},"end":{"line":95,"column":46}},"8":{"start":{"line":96,"column":8},"end":{"line":96,"column":19}},"9":{"start":{"line":99,"column":6},"end":{"line":103,"column":9}},"10":{"start":{"line":107,"column":4},"end":{"line":107,"column":21}},"11":{"start":{"line":108,"column":4},"end":{"line":108,"column":11}},"12":{"start":{"line":112,"column":0},"end":{"line":115,"column":2}}},"fnMap":{"0":{"name":"(anonymous_0)","decl":{"start":{"line":85,"column":24},"end":{"line":85,"column":25}},"loc":{"start":{"line":85,"column":36},"end":{"line":110,"column":1}},"line":85},"1":{"name":"(anonymous_1)","decl":{"start":{"line":86,"column":9},"end":{"line":86,"column":10}},"loc":{"start":{"line":86,"column":29},"end":{"line":109,"column":3}},"line":86},"2":{"name":"(anonymous_2)","decl":{"start":{"line":94,"column":42},"end":{"line":94,"column":43}},"loc":{"start":{"line":94,"column":56},"end":{"line":97,"column":7}},"line":94}},"branchMap":{"0":{"loc":{"start":{"line":92,"column":4},"end":{"line":104,"column":5}},"type":"if","locations":[{"start":{"line":92,"column":4},"end":{"line":104,"column":5}},{"start":{},"end":{}}],"line":92}},"s":{"0":1,"1":1,"2":1,"3":3,"4":0,"5":0,"6":0,"7":0,"8":0,"9":0,"10":0,"11":0,"12":1},"f":{"0":3,"1":0,"2":0},"b":{"0":[0,0]},"_coverageSchema":"1a1c01bbd47fc00a2c39e90264f33305004495a9","hash":"ec642de4b71dcca80382b2f31c3ab9bbef22009d"}
,"C:\\Users\\vecch\\OneDrive\\Escritorio\\Dashboard Sharkfit 30 enero - Copy-export (1)\\backend-data-intake\\src\\models\\AccessLog.js": {"path":"C:\\Users\\vecch\\OneDrive\\Escritorio\\Dashboard Sharkfit 30 enero - Copy-export (1)\\backend-data-intake\\src\\models\\AccessLog.js","statementMap":{"0":{"start":{"line":1,"column":17},"end":{"line":1,"column":36}},"1":{"start":{"line":2,"column":19},"end":{"line":2,"column":27}},"2":{"start":{"line":4,"column":24},"end":{"line":15,"column":2}},"3":{"start":{"line":17,"column":0},"end":{"line":17,"column":132}},"4":{"start":{"line":19,"column":0},"end":{"line":19,"column":91}}},"fnMap":{},"branchMap":{"0":{"loc":{"start":{"line":19,"column":17},"end":{"line":19,"column":90}},"type":"binary-expr","locations":[{"start":{"line":19,"column":17},"end":{"line":19,"column":42}},{"start":{"line":19,"column":46},"end":{"line":19,"column":90}}],"line":19}},"s":{"0":1,"1":1,"2":1,"3":1,"4":1},"f":{},"b":{"0":[1,1]},"_coverageSchema":"1a1c01bbd47fc00a2c39e90264f33305004495a9","hash":"e405122a41e170375cce60dd68fcfde4b453a2ed"}
,"C:\\Users\\vecch\\OneDrive\\Escritorio\\Dashboard Sharkfit 30 enero - Copy-export (1)\\backend-data-intake\\src\\models\\AccessRequest.js": {"path":"C:\\Users\\vecch\\OneDrive\\Escritorio\\Dashboard Sharkfit 30 enero - Copy-export (1)\\backend-data-intake\\src\\models\\AccessRequest.js","statementMap":{"0":{"start":{"line":1,"column":17},"end":{"line":1,"column":36}},"1":{"start":{"line":3,"column":28},"end":{"line":15,"column":2}},"2":{"start":{"line":17,"column":0},"end":{"line":17,"column":40}},"3":{"start":{"line":19,"column":0},"end":{"line":19,"column":70}}},"fnMap":{},"branchMap":{},"s":{"0":1,"1":1,"2":1,"3":1},"f":{},"b":{},"_coverageSchema":"1a1c01bbd47fc00a2c39e90264f33305004495a9","hash":"27d65b594e3b6a7649e0b87a3a70ba0a9b641e2b"}
,"C:\\Users\\vecch\\OneDrive\\Escritorio\\Dashboard Sharkfit 30 enero - Copy-export (1)\\backend-data-intake\\src\\models\\Agendamiento.js": {"path":"C:\\Users\\vecch\\OneDrive\\Escritorio\\Dashboard Sharkfit 30 enero - Copy-export (1)\\backend-data-intake\\src\\models\\Agendamiento.js","statementMap":{"0":{"start":{"line":1,"column":17},"end":{"line":1,"column":36}},"1":{"start":{"line":3,"column":27},"end":{"line":143,"column":2}},"2":{"start":{"line":146,"column":0},"end":{"line":146,"column":56}},"3":{"start":{"line":147,"column":0},"end":{"line":147,"column":57}},"4":{"start":{"line":148,"column":0},"end":{"line":148,"column":54}},"5":{"start":{"line":149,"column":0},"end":{"line":149,"column":63}},"6":{"start":{"line":150,"column":0},"end":{"line":150,"column":60}},"7":{"start":{"line":153,"column":0},"end":{"line":162,"column":3}},"8":{"start":{"line":154,"column":2},"end":{"line":154,"column":30}},"9":{"start":{"line":157,"column":2},"end":{"line":159,"column":3}},"10":{"start":{"line":158,"column":4},"end":{"line":158,"column":72}},"11":{"start":{"line":161,"column":2},"end":{"line":161,"column":9}},"12":{"start":{"line":165,"column":0},"end":{"line":169,"column":2}},"13":{"start":{"line":166,"column":14},"end":{"line":166,"column":29}},"14":{"start":{"line":167,"column":2},"end":{"line":167,"column":17}},"15":{"start":{"line":168,"column":2},"end":{"line":168,"column":13}},"16":{"start":{"line":172,"column":0},"end":{"line":175,"column":2}},"17":{"start":{"line":173,"column":2},"end":{"line":173,"column":37}},"18":{"start":{"line":173,"column":25},"end":{"line":173,"column":37}},"19":{"start":{"line":174,"column":2},"end":{"line":174,"column":50}},"20":{"start":{"line":178,"column":0},"end":{"line":184,"column":2}},"21":{"start":{"line":179,"column":2},"end":{"line":183,"column":5}},"22":{"start":{"line":186,"column":0},"end":{"line":186,"column":68}}},"fnMap":{"0":{"name":"(anonymous_0)","decl":{"start":{"line":153,"column":31},"end":{"line":153,"column":32}},"loc":{"start":{"line":153,"column":46},"end":{"line":162,"column":1}},"line":153},"1":{"name":"(anonymous_1)","decl":{"start":{"line":165,"column":36},"end":{"line":165,"column":37}},"loc":{"start":{"line":165,"column":47},"end":{"line":169,"column":1}},"line":165},"2":{"name":"(anonymous_2)","decl":{"start":{"line":172,"column":47},"end":{"line":172,"column":48}},"loc":{"start":{"line":172,"column":58},"end":{"line":175,"column":1}},"line":172},"3":{"name":"(anonymous_3)","decl":{"start":{"line":178,"column":46},"end":{"line":178,"column":47}},"loc":{"start":{"line":178,"column":77},"end":{"line":184,"column":1}},"line":178}},"branchMap":{"0":{"loc":{"start":{"line":157,"column":2},"end":{"line":159,"column":3}},"type":"if","locations":[{"start":{"line":157,"column":2},"end":{"line":159,"column":3}},{"start":{},"end":{}}],"line":157},"1":{"loc":{"start":{"line":157,"column":6},"end":{"line":157,"column":54}},"type":"binary-expr","locations":[{"start":{"line":157,"column":6},"end":{"line":157,"column":20}},{"start":{"line":157,"column":24},"end":{"line":157,"column":36}},{"start":{"line":157,"column":40},"end":{"line":157,"column":54}}],"line":157},"2":{"loc":{"start":{"line":173,"column":2},"end":{"line":173,"column":37}},"type":"if","locations":[{"start":{"line":173,"column":2},"end":{"line":173,"column":37}},{"start":{},"end":{}}],"line":173}},"s":{"0":1,"1":1,"2":1,"3":1,"4":1,"5":1,"6":1,"7":1,"8":0,"9":0,"10":0,"11":0,"12":1,"13":0,"14":0,"15":0,"16":1,"17":0,"18":0,"19":0,"20":1,"21":0,"22":1},"f":{"0":0,"1":0,"2":0,"3":0},"b":{"0":[0,0],"1":[0,0,0],"2":[0,0]},"_coverageSchema":"1a1c01bbd47fc00a2c39e90264f33305004495a9","hash":"6ebe17fa45e22e0bb197f2af0fba1b3d523688d7"}
,"C:\\Users\\vecch\\OneDrive\\Escritorio\\Dashboard Sharkfit 30 enero - Copy-export (1)\\backend-data-intake\\src\\models\\Alerta.js": {"path":"C:\\Users\\vecch\\OneDrive\\Escritorio\\Dashboard Sharkfit 30 enero - Copy-export (1)\\backend-data-intake\\src\\models\\Alerta.js","statementMap":{"0":{"start":{"line":1,"column":17},"end":{"line":1,"column":36}},"1":{"start":{"line":3,"column":21},"end":{"line":144,"column":2}},"2":{"start":{"line":147,"column":0},"end":{"line":147,"column":63}},"3":{"start":{"line":148,"column":0},"end":{"line":148,"column":58}},"4":{"start":{"line":149,"column":0},"end":{"line":149,"column":62}},"5":{"start":{"line":150,"column":0},"end":{"line":150,"column":51}},"6":{"start":{"line":151,"column":0},"end":{"line":151,"column":49}},"7":{"start":{"line":154,"column":0},"end":{"line":157,"column":3}},"8":{"start":{"line":155,"column":2},"end":{"line":155,"column":30}},"9":{"start":{"line":156,"column":2},"end":{"line":156,"column":9}},"10":{"start":{"line":160,"column":0},"end":{"line":164,"column":2}},"11":{"start":{"line":161,"column":14},"end":{"line":161,"column":29}},"12":{"start":{"line":162,"column":2},"end":{"line":162,"column":17}},"13":{"start":{"line":163,"column":2},"end":{"line":163,"column":13}},"14":{"start":{"line":167,"column":0},"end":{"line":172,"column":2}},"15":{"start":{"line":168,"column":2},"end":{"line":168,"column":27}},"16":{"start":{"line":169,"column":2},"end":{"line":169,"column":33}},"17":{"start":{"line":170,"column":2},"end":{"line":170,"column":31}},"18":{"start":{"line":171,"column":2},"end":{"line":171,"column":29}},"19":{"start":{"line":175,"column":0},"end":{"line":181,"column":2}},"20":{"start":{"line":176,"column":2},"end":{"line":176,"column":27}},"21":{"start":{"line":177,"column":2},"end":{"line":177,"column":31}},"22":{"start":{"line":178,"column":2},"end":{"line":178,"column":27}},"23":{"start":{"line":179,"column":2},"end":{"line":179,"column":33}},"24":{"start":{"line":180,"column":2},"end":{"line":180,"column":31}},"25":{"start":{"line":183,"column":0},"end":{"line":183,"column":56}}},"fnMap":{"0":{"name":"(anonymous_0)","decl":{"start":{"line":154,"column":25},"end":{"line":154,"column":26}},"loc":{"start":{"line":154,"column":40},"end":{"line":157,"column":1}},"line":154},"1":{"name":"(anonymous_1)","decl":{"start":{"line":160,"column":30},"end":{"line":160,"column":31}},"loc":{"start":{"line":160,"column":41},"end":{"line":164,"column":1}},"line":160},"2":{"name":"(anonymous_2)","decl":{"start":{"line":167,"column":32},"end":{"line":167,"column":33}},"loc":{"start":{"line":167,"column":59},"end":{"line":172,"column":1}},"line":167},"3":{"name":"(anonymous_3)","decl":{"start":{"line":175,"column":31},"end":{"line":175,"column":32}},"loc":{"start":{"line":175,"column":65},"end":{"line":181,"column":1}},"line":175}},"branchMap":{},"s":{"0":1,"1":1,"2":1,"3":1,"4":1,"5":1,"6":1,"7":1,"8":0,"9":0,"10":1,"11":0,"12":0,"13":0,"14":1,"15":0,"16":0,"17":0,"18":0,"19":1,"20":0,"21":0,"22":0,"23":0,"24":0,"25":1},"f":{"0":0,"1":0,"2":0,"3":0},"b":{},"_coverageSchema":"1a1c01bbd47fc00a2c39e90264f33305004495a9","hash":"81e2fef6a009301596eb97d67b8c5537693af6df"}
,"C:\\Users\\vecch\\OneDrive\\Escritorio\\Dashboard Sharkfit 30 enero - Copy-export (1)\\backend-data-intake\\src\\models\\ApiIntegration.js": {"path":"C:\\Users\\vecch\\OneDrive\\Escritorio\\Dashboard Sharkfit 30 enero - Copy-export (1)\\backend-data-intake\\src\\models\\ApiIntegration.js","statementMap":{"0":{"start":{"line":1,"column":17},"end":{"line":1,"column":36}},"1":{"start":{"line":2,"column":19},"end":{"line":2,"column":27}},"2":{"start":{"line":4,"column":29},"end":{"line":17,"column":2}},"3":{"start":{"line":19,"column":0},"end":{"line":19,"column":62}},"4":{"start":{"line":21,"column":0},"end":{"line":21,"column":106}}},"fnMap":{},"branchMap":{"0":{"loc":{"start":{"line":21,"column":17},"end":{"line":21,"column":105}},"type":"binary-expr","locations":[{"start":{"line":21,"column":17},"end":{"line":21,"column":47}},{"start":{"line":21,"column":51},"end":{"line":21,"column":105}}],"line":21}},"s":{"0":1,"1":1,"2":1,"3":1,"4":1},"f":{},"b":{"0":[1,1]},"_coverageSchema":"1a1c01bbd47fc00a2c39e90264f33305004495a9","hash":"90b72489b996bb4551c2e378aee90775c36864c7"}
,"C:\\Users\\vecch\\OneDrive\\Escritorio\\Dashboard Sharkfit 30 enero - Copy-export (1)\\backend-data-intake\\src\\models\\AuditLog.js": {"path":"C:\\Users\\vecch\\OneDrive\\Escritorio\\Dashboard Sharkfit 30 enero - Copy-export (1)\\backend-data-intake\\src\\models\\AuditLog.js","statementMap":{"0":{"start":{"line":1,"column":17},"end":{"line":1,"column":36}},"1":{"start":{"line":3,"column":23},"end":{"line":28,"column":2}},"2":{"start":{"line":32,"column":0},"end":{"line":32,"column":62}},"3":{"start":{"line":34,"column":0},"end":{"line":34,"column":60}}},"fnMap":{},"branchMap":{},"s":{"0":1,"1":1,"2":1,"3":1},"f":{},"b":{},"_coverageSchema":"1a1c01bbd47fc00a2c39e90264f33305004495a9","hash":"27accd057c1e3e4cc71a5ba943f31154879862c9"}
,"C:\\Users\\vecch\\OneDrive\\Escritorio\\Dashboard Sharkfit 30 enero - Copy-export (1)\\backend-data-intake\\src\\models\\Cliente.js": {"path":"C:\\Users\\vecch\\OneDrive\\Escritorio\\Dashboard Sharkfit 30 enero - Copy-export (1)\\backend-data-intake\\src\\models\\Cliente.js","statementMap":{"0":{"start":{"line":1,"column":17},"end":{"line":1,"column":36}},"1":{"start":{"line":3,"column":22},"end":{"line":108,"column":2}},"2":{"start":{"line":111,"column":0},"end":{"line":111,"column":48}},"3":{"start":{"line":112,"column":0},"end":{"line":112,"column":51}},"4":{"start":{"line":113,"column":0},"end":{"line":113,"column":53}},"5":{"start":{"line":116,"column":0},"end":{"line":119,"column":3}},"6":{"start":{"line":117,"column":2},"end":{"line":117,"column":31}},"7":{"start":{"line":118,"column":2},"end":{"line":118,"column":9}},"8":{"start":{"line":122,"column":0},"end":{"line":126,"column":2}},"9":{"start":{"line":123,"column":14},"end":{"line":123,"column":29}},"10":{"start":{"line":124,"column":2},"end":{"line":124,"column":17}},"11":{"start":{"line":125,"column":2},"end":{"line":125,"column":13}},"12":{"start":{"line":128,"column":0},"end":{"line":128,"column":58}}},"fnMap":{"0":{"name":"(anonymous_0)","decl":{"start":{"line":116,"column":26},"end":{"line":116,"column":27}},"loc":{"start":{"line":116,"column":41},"end":{"line":119,"column":1}},"line":116},"1":{"name":"(anonymous_1)","decl":{"start":{"line":122,"column":31},"end":{"line":122,"column":32}},"loc":{"start":{"line":122,"column":42},"end":{"line":126,"column":1}},"line":122}},"branchMap":{},"s":{"0":1,"1":1,"2":1,"3":1,"4":1,"5":1,"6":2,"7":2,"8":1,"9":0,"10":0,"11":0,"12":1},"f":{"0":2,"1":0},"b":{},"_coverageSchema":"1a1c01bbd47fc00a2c39e90264f33305004495a9","hash":"26a8d7a8b7d2471993e2e9c8b96d8c7e856445e8"}
,"C:\\Users\\vecch\\OneDrive\\Escritorio\\Dashboard Sharkfit 30 enero - Copy-export (1)\\backend-data-intake\\src\\models\\EmailToken.js": {"path":"C:\\Users\\vecch\\OneDrive\\Escritorio\\Dashboard Sharkfit 30 enero - Copy-export (1)\\backend-data-intake\\src\\models\\EmailToken.js","statementMap":{"0":{"start":{"line":1,"column":17},"end":{"line":1,"column":36}},"1":{"start":{"line":3,"column":25},"end":{"line":30,"column":2}},"2":{"start":{"line":32,"column":0},"end":{"line":32,"column":61}},"3":{"start":{"line":34,"column":0},"end":{"line":34,"column":64}}},"fnMap":{},"branchMap":{},"s":{"0":1,"1":1,"2":1,"3":1},"f":{},"b":{},"_coverageSchema":"1a1c01bbd47fc00a2c39e90264f33305004495a9","hash":"0bec996ea8c4b3a596a4cb13faa8dd28a9f3bdc7"}
,"C:\\Users\\vecch\\OneDrive\\Escritorio\\Dashboard Sharkfit 30 enero - Copy-export (1)\\backend-data-intake\\src\\models\\ExportRun.js": {"path":"C:\\Users\\vecch\\OneDrive\\Escritorio\\Dashboard Sharkfit 30 enero - Copy-export (1)\\backend-data-intake\\src\\models\\ExportRun.js","statementMap":{"0":{"start":{"line":1,"column":17},"end":{"line":1,"column":36}},"1":{"start":{"line":3,"column":24},"end":{"line":23,"column":2}},"2":{"start":{"line":25,"column":0},"end":{"line":28,"column":2}},"3":{"start":{"line":26,"column":2},"end":{"line":26,"column":43}},"4":{"start":{"line":27,"column":2},"end":{"line":27,"column":21}},"5":{"start":{"line":30,"column":0},"end":{"line":34,"column":2}},"6":{"start":{"line":31,"column":14},"end":{"line":31,"column":29}},"7":{"start":{"line":32,"column":2},"end":{"line":32,"column":17}},"8":{"start":{"line":33,"column":2},"end":{"line":33,"column":13}},"9":{"start":{"line":36,"column":0},"end":{"line":36,"column":62}}},"fnMap":{"0":{"name":"(anonymous_0)","decl":{"start":{"line":25,"column":30},"end":{"line":25,"column":31}},"loc":{"start":{"line":25,"column":61},"end":{"line":28,"column":1}},"line":25},"1":{"name":"(anonymous_1)","decl":{"start":{"line":30,"column":33},"end":{"line":30,"column":34}},"loc":{"start":{"line":30,"column":44},"end":{"line":34,"column":1}},"line":30}},"branchMap":{},"s":{"0":1,"1":1,"2":1,"3":0,"4":0,"5":1,"6":0,"7":0,"8":0,"9":1},"f":{"0":0,"1":0},"b":{},"_coverageSchema":"1a1c01bbd47fc00a2c39e90264f33305004495a9","hash":"a2dd4c42c42cab110c9444eb8c3d29b45bbcd9be"}
,"C:\\Users\\vecch\\OneDrive\\Escritorio\\Dashboard Sharkfit 30 enero - Copy-export (1)\\backend-data-intake\\src\\models\\Membership.js": {"path":"C:\\Users\\vecch\\OneDrive\\Escritorio\\Dashboard Sharkfit 30 enero - Copy-export (1)\\backend-data-intake\\src\\models\\Membership.js","statementMap":{"0":{"start":{"line":1,"column":17},"end":{"line":1,"column":36}},"1":{"start":{"line":3,"column":25},"end":{"line":14,"column":2}},"2":{"start":{"line":16,"column":0},"end":{"line":16,"column":71}},"3":{"start":{"line":18,"column":0},"end":{"line":21,"column":3}},"4":{"start":{"line":19,"column":2},"end":{"line":19,"column":30}},"5":{"start":{"line":20,"column":2},"end":{"line":20,"column":9}},"6":{"start":{"line":23,"column":0},"end":{"line":27,"column":2}},"7":{"start":{"line":24,"column":14},"end":{"line":24,"column":29}},"8":{"start":{"line":25,"column":2},"end":{"line":25,"column":17}},"9":{"start":{"line":26,"column":2},"end":{"line":26,"column":13}},"10":{"start":{"line":29,"column":0},"end":{"line":29,"column":64}}},"fnMap":{"0":{"name":"(anonymous_0)","decl":{"start":{"line":18,"column":29},"end":{"line":18,"column":30}},"loc":{"start":{"line":18,"column":44},"end":{"line":21,"column":1}},"line":18},"1":{"name":"(anonymous_1)","decl":{"start":{"line":23,"column":34},"end":{"line":23,"column":35}},"loc":{"start":{"line":23,"column":45},"end":{"line":27,"column":1}},"line":23}},"branchMap":{},"s":{"0":1,"1":1,"2":1,"3":1,"4":0,"5":0,"6":1,"7":0,"8":0,"9":0,"10":1},"f":{"0":0,"1":0},"b":{},"_coverageSchema":"1a1c01bbd47fc00a2c39e90264f33305004495a9","hash":"40a84e2c62df2f9f0a8f6b032c2b8f4be8dee2a4"}
,"C:\\Users\\vecch\\OneDrive\\Escritorio\\Dashboard Sharkfit 30 enero - Copy-export (1)\\backend-data-intake\\src\\models\\MongoModels.js": {"path":"C:\\Users\\vecch\\OneDrive\\Escritorio\\Dashboard Sharkfit 30 enero - Copy-export (1)\\backend-data-intake\\src\\models\\MongoModels.js","statementMap":{"0":{"start":{"line":11,"column":17},"end":{"line":11,"column":36}},"1":{"start":{"line":12,"column":19},"end":{"line":12,"column":27}},"2":{"start":{"line":13,"column":19},"end":{"line":13,"column":45}},"3":{"start":{"line":19,"column":22},"end":{"line":52,"column":2}},"4":{"start":{"line":58,"column":22},"end":{"line":101,"column":2}},"5":{"start":{"line":111,"column":0},"end":{"line":113,"column":39}},"6":{"start":{"line":112,"column":20},"end":{"line":112,"column":37}},"7":{"start":{"line":113,"column":21},"end":{"line":113,"column":35}},"8":{"start":{"line":115,"column":0},"end":{"line":117,"column":41}},"9":{"start":{"line":116,"column":20},"end":{"line":116,"column":39}},"10":{"start":{"line":117,"column":21},"end":{"line":117,"column":37}},"11":{"start":{"line":119,"column":0},"end":{"line":121,"column":46}},"12":{"start":{"line":120,"column":20},"end":{"line":120,"column":44}},"13":{"start":{"line":121,"column":21},"end":{"line":121,"column":42}},"14":{"start":{"line":123,"column":0},"end":{"line":125,"column":48}},"15":{"start":{"line":124,"column":20},"end":{"line":124,"column":46}},"16":{"start":{"line":125,"column":21},"end":{"line":125,"column":44}},"17":{"start":{"line":127,"column":0},"end":{"line":129,"column":46}},"18":{"start":{"line":128,"column":20},"end":{"line":128,"column":44}},"19":{"start":{"line":129,"column":21},"end":{"line":129,"column":42}},"20":{"start":{"line":132,"column":0},"end":{"line":134,"column":106}},"21":{"start":{"line":133,"column":20},"end":{"line":133,"column":65}},"22":{"start":{"line":134,"column":21},"end":{"line":134,"column":65}},"23":{"start":{"line":134,"column":66},"end":{"line":134,"column":102}},"24":{"start":{"line":136,"column":0},"end":{"line":138,"column":103}},"25":{"start":{"line":137,"column":20},"end":{"line":137,"column":62}},"26":{"start":{"line":138,"column":21},"end":{"line":138,"column":65}},"27":{"start":{"line":138,"column":66},"end":{"line":138,"column":99}},"28":{"start":{"line":140,"column":0},"end":{"line":142,"column":105}},"29":{"start":{"line":141,"column":20},"end":{"line":141,"column":64}},"30":{"start":{"line":142,"column":21},"end":{"line":142,"column":65}},"31":{"start":{"line":142,"column":66},"end":{"line":142,"column":101}},"32":{"start":{"line":144,"column":0},"end":{"line":146,"column":100}},"33":{"start":{"line":145,"column":20},"end":{"line":145,"column":59}},"34":{"start":{"line":146,"column":21},"end":{"line":146,"column":65}},"35":{"start":{"line":146,"column":66},"end":{"line":146,"column":96}},"36":{"start":{"line":149,"column":0},"end":{"line":153,"column":2}},"37":{"start":{"line":150,"column":14},"end":{"line":150,"column":47}},"38":{"start":{"line":151,"column":2},"end":{"line":151,"column":17}},"39":{"start":{"line":152,"column":2},"end":{"line":152,"column":13}},"40":{"start":{"line":155,"column":0},"end":{"line":167,"column":2}},"41":{"start":{"line":156,"column":2},"end":{"line":156,"column":29}},"42":{"start":{"line":157,"column":2},"end":{"line":157,"column":34}},"43":{"start":{"line":158,"column":2},"end":{"line":158,"column":75}},"44":{"start":{"line":160,"column":2},"end":{"line":166,"column":3}},"45":{"start":{"line":161,"column":4},"end":{"line":161,"column":48}},"46":{"start":{"line":162,"column":4},"end":{"line":162,"column":96}},"47":{"start":{"line":163,"column":4},"end":{"line":163,"column":88}},"48":{"start":{"line":164,"column":4},"end":{"line":164,"column":92}},"49":{"start":{"line":165,"column":4},"end":{"line":165,"column":81}},"50":{"start":{"line":169,"column":0},"end":{"line":175,"column":2}},"51":{"start":{"line":170,"column":2},"end":{"line":170,"column":26}},"52":{"start":{"line":171,"column":2},"end":{"line":171,"column":34}},"53":{"start":{"line":172,"column":2},"end":{"line":172,"column":75}},"54":{"start":{"line":173,"column":2},"end":{"line":173,"column":36}},"55":{"start":{"line":174,"column":2},"end":{"line":174,"column":53}},"56":{"start":{"line":177,"column":0},"end":{"line":182,"column":2}},"57":{"start":{"line":178,"column":2},"end":{"line":178,"column":46}},"58":{"start":{"line":179,"column":2},"end":{"line":179,"column":67}},"59":{"start":{"line":180,"column":2},"end":{"line":180,"column":36}},"60":{"start":{"line":181,"column":2},"end":{"line":181,"column":53}},"61":{"start":{"line":184,"column":0},"end":{"line":188,"column":2}},"62":{"start":{"line":185,"column":2},"end":{"line":185,"column":56}},"63":{"start":{"line":186,"column":2},"end":{"line":186,"column":74}},"64":{"start":{"line":187,"column":2},"end":{"line":187,"column":83}},"65":{"start":{"line":194,"column":26},"end":{"line":219,"column":2}},"66":{"start":{"line":225,"column":25},"end":{"line":253,"column":2}},"67":{"start":{"line":259,"column":26},"end":{"line":286,"column":2}},"68":{"start":{"line":292,"column":16},"end":{"line":292,"column":83}},"69":{"start":{"line":293,"column":16},"end":{"line":293,"column":83}},"70":{"start":{"line":294,"column":20},"end":{"line":294,"column":99}},"71":{"start":{"line":295,"column":19},"end":{"line":295,"column":95}},"72":{"start":{"line":296,"column":20},"end":{"line":296,"column":99}},"73":{"start":{"line":303,"column":2},"end":{"line":318,"column":3}},"74":{"start":{"line":305,"column":4},"end":{"line":308,"column":6}},"75":{"start":{"line":310,"column":4},"end":{"line":313,"column":6}},"76":{"start":{"line":315,"column":4},"end":{"line":315,"column":58}},"77":{"start":{"line":317,"column":4},"end":{"line":317,"column":73}},"78":{"start":{"line":325,"column":16},"end":{"line":366,"column":1}},"79":{"start":{"line":328,"column":4},"end":{"line":334,"column":20}},"80":{"start":{"line":339,"column":4},"end":{"line":339,"column":76}},"81":{"start":{"line":344,"column":4},"end":{"line":347,"column":6}},"82":{"start":{"line":352,"column":4},"end":{"line":354,"column":20}},"83":{"start":{"line":359,"column":4},"end":{"line":359,"column":73}},"84":{"start":{"line":364,"column":4},"end":{"line":364,"column":50}},"85":{"start":{"line":372,"column":0},"end":{"line":392,"column":2}}},"fnMap":{"0":{"name":"(anonymous_0)","decl":{"start":{"line":112,"column":7},"end":{"line":112,"column":8}},"loc":{"start":{"line":112,"column":18},"end":{"line":112,"column":39}},"line":112},"1":{"name":"(anonymous_1)","decl":{"start":{"line":113,"column":7},"end":{"line":113,"column":8}},"loc":{"start":{"line":113,"column":19},"end":{"line":113,"column":37}},"line":113},"2":{"name":"(anonymous_2)","decl":{"start":{"line":116,"column":7},"end":{"line":116,"column":8}},"loc":{"start":{"line":116,"column":18},"end":{"line":116,"column":41}},"line":116},"3":{"name":"(anonymous_3)","decl":{"start":{"line":117,"column":7},"end":{"line":117,"column":8}},"loc":{"start":{"line":117,"column":19},"end":{"line":117,"column":39}},"line":117},"4":{"name":"(anonymous_4)","decl":{"start":{"line":120,"column":7},"end":{"line":120,"column":8}},"loc":{"start":{"line":120,"column":18},"end":{"line":120,"column":46}},"line":120},"5":{"name":"(anonymous_5)","decl":{"start":{"line":121,"column":7},"end":{"line":121,"column":8}},"loc":{"start":{"line":121,"column":19},"end":{"line":121,"column":44}},"line":121},"6":{"name":"(anonymous_6)","decl":{"start":{"line":124,"column":7},"end":{"line":124,"column":8}},"loc":{"start":{"line":124,"column":18},"end":{"line":124,"column":48}},"line":124},"7":{"name":"(anonymous_7)","decl":{"start":{"line":125,"column":7},"end":{"line":125,"column":8}},"loc":{"start":{"line":125,"column":19},"end":{"line":125,"column":46}},"line":125},"8":{"name":"(anonymous_8)","decl":{"start":{"line":128,"column":7},"end":{"line":128,"column":8}},"loc":{"start":{"line":128,"column":18},"end":{"line":128,"column":46}},"line":128},"9":{"name":"(anonymous_9)","decl":{"start":{"line":129,"column":7},"end":{"line":129,"column":8}},"loc":{"start":{"line":129,"column":19},"end":{"line":129,"column":44}},"line":129},"10":{"name":"(anonymous_10)","decl":{"start":{"line":133,"column":7},"end":{"line":133,"column":8}},"loc":{"start":{"line":133,"column":18},"end":{"line":133,"column":67}},"line":133},"11":{"name":"(anonymous_11)","decl":{"start":{"line":134,"column":7},"end":{"line":134,"column":8}},"loc":{"start":{"line":134,"column":19},"end":{"line":134,"column":104}},"line":134},"12":{"name":"(anonymous_12)","decl":{"start":{"line":137,"column":7},"end":{"line":137,"column":8}},"loc":{"start":{"line":137,"column":18},"end":{"line":137,"column":64}},"line":137},"13":{"name":"(anonymous_13)","decl":{"start":{"line":138,"column":7},"end":{"line":138,"column":8}},"loc":{"start":{"line":138,"column":19},"end":{"line":138,"column":101}},"line":138},"14":{"name":"(anonymous_14)","decl":{"start":{"line":141,"column":7},"end":{"line":141,"column":8}},"loc":{"start":{"line":141,"column":18},"end":{"line":141,"column":66}},"line":141},"15":{"name":"(anonymous_15)","decl":{"start":{"line":142,"column":7},"end":{"line":142,"column":8}},"loc":{"start":{"line":142,"column":19},"end":{"line":142,"column":103}},"line":142},"16":{"name":"(anonymous_16)","decl":{"start":{"line":145,"column":7},"end":{"line":145,"column":8}},"loc":{"start":{"line":145,"column":18},"end":{"line":145,"column":61}},"line":145},"17":{"name":"(anonymous_17)","decl":{"start":{"line":146,"column":7},"end":{"line":146,"column":8}},"loc":{"start":{"line":146,"column":19},"end":{"line":146,"column":98}},"line":146},"18":{"name":"(anonymous_18)","decl":{"start":{"line":149,"column":31},"end":{"line":149,"column":32}},"loc":{"start":{"line":149,"column":42},"end":{"line":153,"column":1}},"line":149},"19":{"name":"(anonymous_19)","decl":{"start":{"line":155,"column":38},"end":{"line":155,"column":39}},"loc":{"start":{"line":155,"column":56},"end":{"line":167,"column":1}},"line":155},"20":{"name":"(anonymous_20)","decl":{"start":{"line":169,"column":34},"end":{"line":169,"column":35}},"loc":{"start":{"line":169,"column":50},"end":{"line":175,"column":1}},"line":169},"21":{"name":"(anonymous_21)","decl":{"start":{"line":177,"column":33},"end":{"line":177,"column":34}},"loc":{"start":{"line":177,"column":57},"end":{"line":182,"column":1}},"line":177},"22":{"name":"(anonymous_22)","decl":{"start":{"line":184,"column":35},"end":{"line":184,"column":36}},"loc":{"start":{"line":184,"column":61},"end":{"line":188,"column":1}},"line":184},"23":{"name":"createOptimizedIndexes","decl":{"start":{"line":302,"column":15},"end":{"line":302,"column":37}},"loc":{"start":{"line":302,"column":40},"end":{"line":319,"column":1}},"line":302},"24":{"name":"(anonymous_24)","decl":{"start":{"line":327,"column":2},"end":{"line":327,"column":3}},"loc":{"start":{"line":327,"column":49},"end":{"line":335,"column":3}},"line":327},"25":{"name":"(anonymous_25)","decl":{"start":{"line":338,"column":2},"end":{"line":338,"column":3}},"loc":{"start":{"line":338,"column":43},"end":{"line":340,"column":3}},"line":338},"26":{"name":"(anonymous_26)","decl":{"start":{"line":343,"column":2},"end":{"line":343,"column":3}},"loc":{"start":{"line":343,"column":40},"end":{"line":348,"column":3}},"line":343},"27":{"name":"(anonymous_27)","decl":{"start":{"line":351,"column":2},"end":{"line":351,"column":3}},"loc":{"start":{"line":351,"column":48},"end":{"line":355,"column":3}},"line":351},"28":{"name":"(anonymous_28)","decl":{"start":{"line":358,"column":2},"end":{"line":358,"column":3}},"loc":{"start":{"line":358,"column":34},"end":{"line":360,"column":3}},"line":358},"29":{"name":"(anonymous_29)","decl":{"start":{"line":363,"column":2},"end":{"line":363,"column":3}},"loc":{"start":{"line":363,"column":25},"end":{"line":365,"column":3}},"line":363}},"branchMap":{"0":{"loc":{"start":{"line":133,"column":27},"end":{"line":133,"column":64}},"type":"binary-expr","locations":[{"start":{"line":133,"column":27},"end":{"line":133,"column":59}},{"start":{"line":133,"column":63},"end":{"line":133,"column":64}}],"line":133},"1":{"loc":{"start":{"line":134,"column":41},"end":{"line":134,"column":64}},"type":"binary-expr","locations":[{"start":{"line":134,"column":41},"end":{"line":134,"column":58}},{"start":{"line":134,"column":62},"end":{"line":134,"column":64}}],"line":134},"2":{"loc":{"start":{"line":137,"column":27},"end":{"line":137,"column":61}},"type":"binary-expr","locations":[{"start":{"line":137,"column":27},"end":{"line":137,"column":56}},{"start":{"line":137,"column":60},"end":{"line":137,"column":61}}],"line":137},"3":{"loc":{"start":{"line":138,"column":41},"end":{"line":138,"column":64}},"type":"binary-expr","locations":[{"start":{"line":138,"column":41},"end":{"line":138,"column":58}},{"start":{"line":138,"column":62},"end":{"line":138,"column":64}}],"line":138},"4":{"loc":{"start":{"line":141,"column":27},"end":{"line":141,"column":63}},"type":"binary-expr","locations":[{"start":{"line":141,"column":27},"end":{"line":141,"column":58}},{"start":{"line":141,"column":62},"end":{"line":141,"column":63}}],"line":141},"5":{"loc":{"start":{"line":142,"column":41},"end":{"line":142,"column":64}},"type":"binary-expr","locations":[{"start":{"line":142,"column":41},"end":{"line":142,"column":58}},{"start":{"line":142,"column":62},"end":{"line":142,"column":64}}],"line":142},"6":{"loc":{"start":{"line":145,"column":27},"end":{"line":145,"column":58}},"type":"binary-expr","locations":[{"start":{"line":145,"column":27},"end":{"line":145,"column":53}},{"start":{"line":145,"column":57},"end":{"line":145,"column":58}}],"line":145},"7":{"loc":{"start":{"line":146,"column":41},"end":{"line":146,"column":64}},"type":"binary-expr","locations":[{"start":{"line":146,"column":41},"end":{"line":146,"column":58}},{"start":{"line":146,"column":62},"end":{"line":146,"column":64}}],"line":146},"8":{"loc":{"start":{"line":158,"column":43},"end":{"line":158,"column":73}},"type":"binary-expr","locations":[{"start":{"line":158,"column":43},"end":{"line":158,"column":59}},{"start":{"line":158,"column":63},"end":{"line":158,"column":73}}],"line":158},"9":{"loc":{"start":{"line":160,"column":2},"end":{"line":166,"column":3}},"type":"if","locations":[{"start":{"line":160,"column":2},"end":{"line":166,"column":3}},{"start":{},"end":{}}],"line":160},"10":{"loc":{"start":{"line":161,"column":24},"end":{"line":161,"column":47}},"type":"binary-expr","locations":[{"start":{"line":161,"column":24},"end":{"line":161,"column":41}},{"start":{"line":161,"column":45},"end":{"line":161,"column":47}}],"line":161},"11":{"loc":{"start":{"line":162,"column":38},"end":{"line":162,"column":95}},"type":"binary-expr","locations":[{"start":{"line":162,"column":38},"end":{"line":162,"column":55}},{"start":{"line":162,"column":59},"end":{"line":162,"column":90}},{"start":{"line":162,"column":94},"end":{"line":162,"column":95}}],"line":162},"12":{"loc":{"start":{"line":163,"column":35},"end":{"line":163,"column":87}},"type":"binary-expr","locations":[{"start":{"line":163,"column":35},"end":{"line":163,"column":50}},{"start":{"line":163,"column":54},"end":{"line":163,"column":82}},{"start":{"line":163,"column":86},"end":{"line":163,"column":87}}],"line":163},"13":{"loc":{"start":{"line":164,"column":37},"end":{"line":164,"column":91}},"type":"binary-expr","locations":[{"start":{"line":164,"column":37},"end":{"line":164,"column":52}},{"start":{"line":164,"column":56},"end":{"line":164,"column":86}},{"start":{"line":164,"column":90},"end":{"line":164,"column":91}}],"line":164},"14":{"loc":{"start":{"line":165,"column":32},"end":{"line":165,"column":80}},"type":"binary-expr","locations":[{"start":{"line":165,"column":32},"end":{"line":165,"column":46}},{"start":{"line":165,"column":50},"end":{"line":165,"column":75}},{"start":{"line":165,"column":79},"end":{"line":165,"column":80}}],"line":165},"15":{"loc":{"start":{"line":172,"column":43},"end":{"line":172,"column":73}},"type":"binary-expr","locations":[{"start":{"line":172,"column":43},"end":{"line":172,"column":59}},{"start":{"line":172,"column":63},"end":{"line":172,"column":73}}],"line":172},"16":{"loc":{"start":{"line":173,"column":17},"end":{"line":173,"column":35}},"type":"binary-expr","locations":[{"start":{"line":173,"column":17},"end":{"line":173,"column":29}},{"start":{"line":173,"column":33},"end":{"line":173,"column":35}}],"line":173},"17":{"loc":{"start":{"line":174,"column":20},"end":{"line":174,"column":51}},"type":"binary-expr","locations":[{"start":{"line":174,"column":20},"end":{"line":174,"column":34}},{"start":{"line":174,"column":38},"end":{"line":174,"column":51}}],"line":174},"18":{"loc":{"start":{"line":178,"column":22},"end":{"line":178,"column":45}},"type":"binary-expr","locations":[{"start":{"line":178,"column":22},"end":{"line":178,"column":39}},{"start":{"line":178,"column":43},"end":{"line":178,"column":45}}],"line":178},"19":{"loc":{"start":{"line":179,"column":31},"end":{"line":179,"column":61}},"type":"binary-expr","locations":[{"start":{"line":179,"column":31},"end":{"line":179,"column":56}},{"start":{"line":179,"column":60},"end":{"line":179,"column":61}}],"line":179},"20":{"loc":{"start":{"line":180,"column":17},"end":{"line":180,"column":35}},"type":"binary-expr","locations":[{"start":{"line":180,"column":17},"end":{"line":180,"column":29}},{"start":{"line":180,"column":33},"end":{"line":180,"column":35}}],"line":180},"21":{"loc":{"start":{"line":181,"column":20},"end":{"line":181,"column":51}},"type":"binary-expr","locations":[{"start":{"line":181,"column":20},"end":{"line":181,"column":34}},{"start":{"line":181,"column":38},"end":{"line":181,"column":51}}],"line":181},"22":{"loc":{"start":{"line":185,"column":27},"end":{"line":185,"column":55}},"type":"binary-expr","locations":[{"start":{"line":185,"column":27},"end":{"line":185,"column":49}},{"start":{"line":185,"column":53},"end":{"line":185,"column":55}}],"line":185},"23":{"loc":{"start":{"line":186,"column":36},"end":{"line":186,"column":73}},"type":"binary-expr","locations":[{"start":{"line":186,"column":36},"end":{"line":186,"column":67}},{"start":{"line":186,"column":71},"end":{"line":186,"column":73}}],"line":186},"24":{"loc":{"start":{"line":292,"column":16},"end":{"line":292,"column":83}},"type":"binary-expr","locations":[{"start":{"line":292,"column":16},"end":{"line":292,"column":39}},{"start":{"line":292,"column":43},"end":{"line":292,"column":83}}],"line":292},"25":{"loc":{"start":{"line":293,"column":16},"end":{"line":293,"column":83}},"type":"binary-expr","locations":[{"start":{"line":293,"column":16},"end":{"line":293,"column":39}},{"start":{"line":293,"column":43},"end":{"line":293,"column":83}}],"line":293},"26":{"loc":{"start":{"line":294,"column":20},"end":{"line":294,"column":99}},"type":"binary-expr","locations":[{"start":{"line":294,"column":20},"end":{"line":294,"column":47}},{"start":{"line":294,"column":51},"end":{"line":294,"column":99}}],"line":294},"27":{"loc":{"start":{"line":295,"column":19},"end":{"line":295,"column":95}},"type":"binary-expr","locations":[{"start":{"line":295,"column":19},"end":{"line":295,"column":45}},{"start":{"line":295,"column":49},"end":{"line":295,"column":95}}],"line":295},"28":{"loc":{"start":{"line":296,"column":20},"end":{"line":296,"column":99}},"type":"binary-expr","locations":[{"start":{"line":296,"column":20},"end":{"line":296,"column":47}},{"start":{"line":296,"column":51},"end":{"line":296,"column":99}}],"line":296},"29":{"loc":{"start":{"line":327,"column":37},"end":{"line":327,"column":47}},"type":"default-arg","locations":[{"start":{"line":327,"column":45},"end":{"line":327,"column":47}}],"line":327},"30":{"loc":{"start":{"line":351,"column":36},"end":{"line":351,"column":46}},"type":"default-arg","locations":[{"start":{"line":351,"column":44},"end":{"line":351,"column":46}}],"line":351}},"s":{"0":1,"1":1,"2":1,"3":1,"4":1,"5":1,"6":0,"7":0,"8":1,"9":0,"10":0,"11":1,"12":0,"13":0,"14":1,"15":0,"16":0,"17":1,"18":0,"19":0,"20":1,"21":0,"22":0,"23":0,"24":1,"25":0,"26":0,"27":0,"28":1,"29":0,"30":0,"31":0,"32":1,"33":0,"34":0,"35":0,"36":1,"37":0,"38":0,"39":0,"40":1,"41":0,"42":0,"43":0,"44":0,"45":0,"46":0,"47":0,"48":0,"49":0,"50":1,"51":0,"52":0,"53":0,"54":0,"55":0,"56":1,"57":0,"58":0,"59":0,"60":0,"61":1,"62":0,"63":0,"64":0,"65":1,"66":1,"67":1,"68":1,"69":1,"70":1,"71":1,"72":1,"73":0,"74":0,"75":0,"76":0,"77":0,"78":1,"79":0,"80":0,"81":0,"82":0,"83":0,"84":0,"85":1},"f":{"0":0,"1":0,"2":0,"3":0,"4":0,"5":0,"6":0,"7":0,"8":0,"9":0,"10":0,"11":0,"12":0,"13":0,"14":0,"15":0,"16":0,"17":0,"18":0,"19":0,"20":0,"21":0,"22":0,"23":0,"24":0,"25":0,"26":0,"27":0,"28":0,"29":0},"b":{"0":[0,0],"1":[0,0],"2":[0,0],"3":[0,0],"4":[0,0],"5":[0,0],"6":[0,0],"7":[0,0],"8":[0,0],"9":[0,0],"10":[0,0],"11":[0,0,0],"12":[0,0,0],"13":[0,0,0],"14":[0,0,0],"15":[0,0],"16":[0,0],"17":[0,0],"18":[0,0],"19":[0,0],"20":[0,0],"21":[0,0],"22":[0,0],"23":[0,0],"24":[1,1],"25":[1,1],"26":[1,1],"27":[1,1],"28":[1,1],"29":[0],"30":[0]},"_coverageSchema":"1a1c01bbd47fc00a2c39e90264f33305004495a9","hash":"85dc6f3a8788af2d0f704a9bfeea016663ecd118"}
[...]
start":{"line":125,"column":4},"end":{"line":128,"column":7}},"42":{"start":{"line":136,"column":0},"end":{"line":158,"column":3}},"43":{"start":{"line":137,"column":2},"end":{"line":157,"column":3}},"44":{"start":{"line":138,"column":20},"end":{"line":138,"column":66}},"45":{"start":{"line":140,"column":4},"end":{"line":145,"column":5}},"46":{"start":{"line":141,"column":6},"end":{"line":144,"column":9}},"47":{"start":{"line":147,"column":4},"end":{"line":150,"column":7}},"48":{"start":{"line":152,"column":4},"end":{"line":152,"column":52}},"49":{"start":{"line":153,"column":4},"end":{"line":156,"column":7}},"50":{"start":{"line":160,"column":0},"end":{"line":160,"column":24}}},"fnMap":{"0":{"name":"(anonymous_0)","decl":{"start":{"line":10,"column":29},"end":{"line":10,"column":30}},"loc":{"start":{"line":10,"column":49},"end":{"line":48,"column":1}},"line":10},"1":{"name":"(anonymous_1)","decl":{"start":{"line":54,"column":32},"end":{"line":54,"column":33}},"loc":{"start":{"line":54,"column":52},"end":{"line":76,"column":1}},"line":54},"2":{"name":"(anonymous_2)","decl":{"start":{"line":82,"column":74},"end":{"line":82,"column":75}},"loc":{"start":{"line":82,"column":94},"end":{"line":98,"column":1}},"line":82},"3":{"name":"(anonymous_3)","decl":{"start":{"line":104,"column":76},"end":{"line":104,"column":77}},"loc":{"start":{"line":104,"column":96},"end":{"line":130,"column":1}},"line":104},"4":{"name":"(anonymous_4)","decl":{"start":{"line":136,"column":68},"end":{"line":136,"column":69}},"loc":{"start":{"line":136,"column":88},"end":{"line":158,"column":1}},"line":136}},"branchMap":{"0":{"loc":{"start":{"line":12,"column":12},"end":{"line":12,"column":20}},"type":"default-arg","locations":[{"start":{"line":12,"column":19},"end":{"line":12,"column":20}}],"line":12},"1":{"loc":{"start":{"line":12,"column":22},"end":{"line":12,"column":32}},"type":"default-arg","locations":[{"start":{"line":12,"column":30},"end":{"line":12,"column":32}}],"line":12},"2":{"loc":{"start":{"line":16,"column":4},"end":{"line":16,"column":32}},"type":"if","locations":[{"start":{"line":16,"column":4},"end":{"line":16,"column":32}},{"start":{},"end":{}}],"line":16},"3":{"loc":{"start":{"line":17,"column":4},"end":{"line":17,"column":63}},"type":"if","locations":[{"start":{"line":17,"column":4},"end":{"line":17,"column":63}},{"start":{},"end":{}}],"line":17},"4":{"loc":{"start":{"line":18,"column":4},"end":{"line":25,"column":5}},"type":"if","locations":[{"start":{"line":18,"column":4},"end":{"line":25,"column":5}},{"start":{},"end":{}}],"line":18},"5":{"loc":{"start":{"line":58,"column":4},"end":{"line":63,"column":5}},"type":"if","locations":[{"start":{"line":58,"column":4},"end":{"line":63,"column":5}},{"start":{},"end":{}}],"line":58},"6":{"loc":{"start":{"line":112,"column":4},"end":{"line":117,"column":5}},"type":"if","locations":[{"start":{"line":112,"column":4},"end":{"line":117,"column":5}},{"start":{},"end":{}}],"line":112},"7":{"loc":{"start":{"line":140,"column":4},"end":{"line":145,"column":5}},"type":"if","locations":[{"start":{"line":140,"column":4},"end":{"line":145,"column":5}},{"start":{},"end":{}}],"line":140}},"s":{"0":1,"1":1,"2":1,"3":1,"4":1,"5":0,"6":0,"7":0,"8":0,"9":0,"10":0,"11":0,"12":0,"13":0,"14":0,"15":0,"16":0,"17":0,"18":0,"19":1,"20":0,"21":0,"22":0,"23":0,"24":0,"25":0,"26":0,"27":1,"28":0,"29":0,"30":0,"31":0,"32":0,"33":0,"34":1,"35":0,"36":0,"37":0,"38":0,"39":0,"40":0,"41":0,"42":1,"43":0,"44":0,"45":0,"46":0,"47":0,"48":0,"49":0,"50":1},"f":{"0":0,"1":0,"2":0,"3":0,"4":0},"b":{"0":[0],"1":[0],"2":[0,0],"3":[0,0],"4":[0,0],"5":[0,0],"6":[0,0],"7":[0,0]},"_coverageSchema":"1a1c01bbd47fc00a2c39e90264f33305004495a9","hash":"8a493ec0597c8fe8289a686441c77484b3f837f9"}
,"C:\\Users\\vecch\\OneDrive\\Escritorio\\Dashboard Sharkfit 30 enero - Copy-export (1)\\backend-data-intake\\src\\utils\\audit.js": {"path":"C:\\Users\\vecch\\OneDrive\\Escritorio\\Dashboard Sharkfit 30 enero - Copy-export (1)\\backend-data-intake\\src\\utils\\audit.js","statementMap":{"0":{"start":{"line":1,"column":21},"end":{"line":1,"column":41}},"1":{"start":{"line":3,"column":17},"end":{"line":21,"column":1}},"2":{"start":{"line":10,"column":2},"end":{"line":20,"column":3}},"3":{"start":{"line":11,"column":4},"end":{"line":17,"column":7}},"4":{"start":{"line":23,"column":0},"end":{"line":25,"column":2}}},"fnMap":{"0":{"name":"(anonymous_0)","decl":{"start":{"line":3,"column":17},"end":{"line":3,"column":18}},"loc":{"start":{"line":9,"column":6},"end":{"line":21,"column":1}},"line":9}},"branchMap":{"0":{"loc":{"start":{"line":4,"column":2},"end":{"line":4,"column":15}},"type":"default-arg","locations":[{"start":{"line":4,"column":11},"end":{"line":4,"column":15}}],"line":4},"1":{"loc":{"start":{"line":6,"column":2},"end":{"line":6,"column":11}},"type":"default-arg","locations":[{"start":{"line":6,"column":7},"end":{"line":6,"column":11}}],"line":6},"2":{"loc":{"start":{"line":7,"column":2},"end":{"line":7,"column":18}},"type":"default-arg","locations":[{"start":{"line":7,"column":14},"end":{"line":7,"column":18}}],"line":7},"3":{"loc":{"start":{"line":8,"column":2},"end":{"line":8,"column":11}},"type":"default-arg","locations":[{"start":{"line":8,"column":9},"end":{"line":8,"column":11}}],"line":8}},"s":{"0":1,"1":1,"2":0,"3":0,"4":1},"f":{"0":0},"b":{"0":[0],"1":[0],"2":[0],"3":[0]},"_coverageSchema":"1a1c01bbd47fc00a2c39e90264f33305004495a9","hash":"11fb07ea2d51fb9b089b94a1bf13caffd6b3f2c2"}
,"C:\\Users\\vecch\\OneDrive\\Escritorio\\Dashboard Sharkfit 30 enero - Copy-export (1)\\backend-data-intake\\src\\utils\\authTokens.js": {"path":"C:\\Users\\vecch\\OneDrive\\Escritorio\\Dashboard Sharkfit 30 enero - Copy-export (1)\\backend-data-intake\\src\\utils\\authTokens.js","statementMap":{"0":{"start":{"line":1,"column":15},"end":{"line":1,"column":32}},"1":{"start":{"line":2,"column":12},"end":{"line":2,"column":35}},"2":{"start":{"line":4,"column":28},"end":{"line":4,"column":98}},"3":{"start":{"line":5,"column":25},"end":{"line":5,"column":60}},"4":{"start":{"line":7,"column":31},"end":{"line":7,"column":80}},"5":{"start":{"line":9,"column":24},"end":{"line":19,"column":1}},"6":{"start":{"line":10,"column":2},"end":{"line":18,"column":4}},"7":{"start":{"line":21,"column":29},"end":{"line":26,"column":1}},"8":{"start":{"line":22,"column":16},"end":{"line":22,"column":54}},"9":{"start":{"line":23,"column":20},"end":{"line":23,"column":75}},"10":{"start":{"line":24,"column":20},"end":{"line":24,"column":87}},"11":{"start":{"line":25,"column":2},"end":{"line":25,"column":41}},"12":{"start":{"line":28,"column":18},"end":{"line":28,"column":84}},"13":{"start":{"line":28,"column":29},"end":{"line":28,"column":84}},"14":{"start":{"line":30,"column":0},"end":{"line":34,"column":2}}},"fnMap":{"0":{"name":"(anonymous_0)","decl":{"start":{"line":9,"column":24},"end":{"line":9,"column":25}},"loc":{"start":{"line":9,"column":34},"end":{"line":19,"column":1}},"line":9},"1":{"name":"(anonymous_1)","decl":{"start":{"line":21,"column":29},"end":{"line":21,"column":30}},"loc":{"start":{"line":21,"column":35},"end":{"line":26,"column":1}},"line":21},"2":{"name":"(anonymous_2)","decl":{"start":{"line":28,"column":18},"end":{"line":28,"column":19}},"loc":{"start":{"line":28,"column":29},"end":{"line":28,"column":84}},"line":28}},"branchMap":{"0":{"loc":{"start":{"line":4,"column":28},"end":{"line":4,"column":98}},"type":"binary-expr","locations":[{"start":{"line":4,"column":28},"end":{"line":4,"column":57}},{"start":{"line":4,"column":61},"end":{"line":4,"column":83}},{"start":{"line":4,"column":87},"end":{"line":4,"column":98}}],"line":4},"1":{"loc":{"start":{"line":5,"column":25},"end":{"line":5,"column":60}},"type":"binary-expr","locations":[{"start":{"line":5,"column":25},"end":{"line":5,"column":51}},{"start":{"line":5,"column":55},"end":{"line":5,"column":60}}],"line":5},"2":{"loc":{"start":{"line":7,"column":40},"end":{"line":7,"column":75}},"type":"binary-expr","locations":[{"start":{"line":7,"column":40},"end":{"line":7,"column":68}},{"start":{"line":7,"column":72},"end":{"line":7,"column":75}}],"line":7}},"s":{"0":1,"1":1,"2":1,"3":1,"4":1,"5":1,"6":0,"7":1,"8":0,"9":0,"10":0,"11":0,"12":1,"13":0,"14":1},"f":{"0":0,"1":0,"2":0},"b":{"0":[1,0,0],"1":[1,1],"2":[1,1]},"_coverageSchema":"1a1c01bbd47fc00a2c39e90264f33305004495a9","hash":"5d6a7ea62d87aa407a3ce5e0e09ddd8bfb24c9ab"}
,"C:\\Users\\vecch\\OneDrive\\Escritorio\\Dashboard Sharkfit 30 enero - Copy-export (1)\\backend-data-intake\\src\\utils\\email.js": {"path":"C:\\Users\\vecch\\OneDrive\\Escritorio\\Dashboard Sharkfit 30 enero - Copy-export (1)\\backend-data-intake\\src\\utils\\email.js","statementMap":{"0":{"start":{"line":5,"column":19},"end":{"line":5,"column":38}},"1":{"start":{"line":6,"column":23},"end":{"line":6,"column":62}},"2":{"start":{"line":7,"column":19},"end":{"line":7,"column":67}},"3":{"start":{"line":10,"column":19},"end":{"line":10,"column":62}},"4":{"start":{"line":11,"column":2},"end":{"line":18,"column":3}},"5":{"start":{"line":12,"column":4},"end":{"line":12,"column":92}},"6":{"start":{"line":12,"column":33},"end":{"line":12,"column":92}},"7":{"start":{"line":13,"column":4},"end":{"line":13,"column":90}},"8":{"start":{"line":13,"column":32},"end":{"line":13,"column":90}},"9":{"start":{"line":14,"column":4},"end":{"line":14,"column":56}},"10":{"start":{"line":16,"column":4},"end":{"line":16,"column":47}},"11":{"start":{"line":17,"column":4},"end":{"line":17,"column":14}},"12":{"start":{"line":22,"column":17},"end":{"line":22,"column":45}},"13":{"start":{"line":23,"column":2},"end":{"line":23,"column":66}},"14":{"start":{"line":23,"column":15},"end":{"line":23,"column":66}},"15":{"start":{"line":24,"column":17},"end":{"line":24,"column":42}},"16":{"start":{"line":25,"column":2},"end":{"line":25,"column":27}},"17":{"start":{"line":26,"column":2},"end":{"line":26,"column":105}},"18":{"start":{"line":27,"column":2},"end":{"line":27,"column":51}},"19":{"start":{"line":31,"column":17},"end":{"line":31,"column":44}},"20":{"start":{"line":31,"column":61},"end":{"line":31,"column":87}},"21":{"start":{"line":32,"column":2},"end":{"line":32,"column":68}},"22":{"start":{"line":32,"column":26},"end":{"line":32,"column":68}},"23":{"start":{"line":33,"column":18},"end":{"line":33,"column":59}},"24":{"start":{"line":34,"column":2},"end":{"line":34,"column":117}},"25":{"start":{"line":35,"column":2},"end":{"line":35,"column":50}},"26":{"start":{"line":39,"column":2},"end":{"line":39,"column":57}},"27":{"start":{"line":40,"column":2},"end":{"line":40,"column":37}},"28":{"start":{"line":41,"column":2},"end":{"line":41,"column":27}},"29":{"start":{"line":42,"column":2},"end":{"line":42,"column":37}},"30":{"start":{"line":43,"column":2},"end":{"line":43,"column":37}},"31":{"start":{"line":44,"column":2},"end":{"line":44,"column":52}},"32":{"start":{"line":45,"column":2},"end":{"line":45,"column":37}},"33":{"start":{"line":46,"column":2},"end":{"line":46,"column":14}},"34":{"start":{"line":50,"column":20},"end":{"line":50,"column":104}},"35":{"start":{"line":51,"column":2},"end":{"line":51,"column":659}},"36":{"start":{"line":55,"column":19},"end":{"line":55,"column":105}},"37":{"start":{"line":56,"column":2},"end":{"line":56,"column":662}},"38":{"start":{"line":60,"column":21},"end":{"line":60,"column":99}},"39":{"start":{"line":61,"column":2},"end":{"line":61,"column":608}},"40":{"start":{"line":88,"column":0},"end":{"line":93,"column":2}}},"fnMap":{"0":{"name":"sendEmail","decl":{"start":{"line":9,"column":15},"end":{"line":9,"column":24}},"loc":{"start":{"line":9,"column":54},"end":{"line":19,"column":1}},"line":9},"1":{"name":"sendWithSendGrid","decl":{"start":{"line":21,"column":15},"end":{"line":21,"column":31}},"loc":{"start":{"line":21,"column":61},"end":{"line":28,"column":1}},"line":21},"2":{"name":"sendWithMailgun","decl":{"start":{"line":30,"column":15},"end":{"line":30,"column":30}},"loc":{"start":{"line":30,"column":60},"end":{"line":36,"column":1}},"line":30},"3":{"name":"sendWithConsole","decl":{"start":{"line":38,"column":9},"end":{"line":38,"column":24}},"loc":{"start":{"line":38,"column":54},"end":{"line":47,"column":1}},"line":38},"4":{"name":"sendVerificationEmail","decl":{"start":{"line":49,"column":15},"end":{"line":49,"column":36}},"loc":{"start":{"line":49,"column":50},"end":{"line":52,"column":1}},"line":49},"5":{"name":"sendPasswordResetEmail","decl":{"start":{"line":54,"column":15},"end":{"line":54,"column":37}},"loc":{"start":{"line":54,"column":51},"end":{"line":57,"column":1}},"line":54},"6":{"name":"sendAccessRequestEmail","decl":{"start":{"line":59,"column":15},"end":{"line":59,"column":37}},"loc":{"start":{"line":59,"column":47},"end":{"line":62,"column":1}},"line":59}},"branchMap":{"0":{"loc":{"start":{"line":6,"column":23},"end":{"line":6,"column":62}},"type":"binary-expr","locations":[{"start":{"line":6,"column":23},"end":{"line":6,"column":49}},{"start":{"line":6,"column":53},"end":{"line":6,"column":62}}],"line":6},"1":{"loc":{"start":{"line":7,"column":19},"end":{"line":7,"column":67}},"type":"binary-expr","locations":[{"start":{"line":7,"column":19},"end":{"line":7,"column":41}},{"start":{"line":7,"column":45},"end":{"line":7,"column":67}}],"line":7},"2":{"loc":{"start":{"line":10,"column":20},"end":{"line":10,"column":47}},"type":"binary-expr","locations":[{"start":{"line":10,"column":20},"end":{"line":10,"column":34}},{"start":{"line":10,"column":38},"end":{"line":10,"column":47}}],"line":10},"3":{"loc":{"start":{"line":12,"column":4},"end":{"line":12,"column":92}},"type":"if","locations":[{"start":{"line":12,"column":4},"end":{"line":12,"column":92}},{"start":{},"end":{}}],"line":12},"4":{"loc":{"start":{"line":13,"column":4},"end":{"line":13,"column":90}},"type":"if","locations":[{"start":{"line":13,"column":4},"end":{"line":13,"column":90}},{"start":{},"end":{}}],"line":13},"5":{"loc":{"start":{"line":23,"column":2},"end":{"line":23,"column":66}},"type":"if","locations":[{"start":{"line":23,"column":2},"end":{"line":23,"column":66}},{"start":{},"end":{}}],"line":23},"6":{"loc":{"start":{"line":26,"column":65},"end":{"line":26,"column":101}},"type":"binary-expr","locations":[{"start":{"line":26,"column":65},"end":{"line":26,"column":69}},{"start":{"line":26,"column":73},"end":{"line":26,"column":101}}],"line":26},"7":{"loc":{"start":{"line":32,"column":2},"end":{"line":32,"column":68}},"type":"if","locations":[{"start":{"line":32,"column":2},"end":{"line":32,"column":68}},{"start":{},"end":{}}],"line":32},"8":{"loc":{"start":{"line":32,"column":6},"end":{"line":32,"column":24}},"type":"binary-expr","locations":[{"start":{"line":32,"column":6},"end":{"line":32,"column":13}},{"start":{"line":32,"column":17},"end":{"line":32,"column":24}}],"line":32},"9":{"loc":{"start":{"line":34,"column":77},"end":{"line":34,"column":113}},"type":"binary-expr","locations":[{"start":{"line":34,"column":77},"end":{"line":34,"column":81}},{"start":{"line":34,"column":85},"end":{"line":34,"column":113}}],"line":34},"10":{"loc":{"start":{"line":44,"column":14},"end":{"line":44,"column":50}},"type":"binary-expr","locations":[{"start":{"line":44,"column":14},"end":{"line":44,"column":18}},{"start":{"line":44,"column":22},"end":{"line":44,"column":50}}],"line":44},"11":{"loc":{"start":{"line":50,"column":23},"end":{"line":50,"column":74}},"type":"binary-expr","locations":[{"start":{"line":50,"column":23},"end":{"line":50,"column":47}},{"start":{"line":50,"column":51},"end":{"line":50,"column":74}}],"line":50},"12":{"loc":{"start":{"line":55,"column":22},"end":{"line":55,"column":73}},"type":"binary-expr","locations":[{"start":{"line":55,"column":22},"end":{"line":55,"column":46}},{"start":{"line":55,"column":50},"end":{"line":55,"column":73}}],"line":55},"13":{"loc":{"start":{"line":60,"column":21},"end":{"line":60,"column":99}},"type":"binary-expr","locations":[{"start":{"line":60,"column":21},"end":{"line":60,"column":49}},{"start":{"line":60,"column":53},"end":{"line":60,"column":75}},{"start":{"line":60,"column":79},"end":{"line":60,"column":99}}],"line":60},"14":{"loc":{"start":{"line":61,"column":363},"end":{"line":61,"column":385}},"type":"binary-expr","locations":[{"start":{"line":61,"column":363},"end":{"line":61,"column":378}},{"start":{"line":61,"column":382},"end":{"line":61,"column":385}}],"line":61},"15":{"loc":{"start":{"line":61,"column":404},"end":{"line":61,"column":426}},"type":"binary-expr","locations":[{"start":{"line":61,"column":404},"end":{"line":61,"column":419}},{"start":{"line":61,"column":423},"end":{"line":61,"column":426}}],"line":61},"16":{"loc":{"start":{"line":61,"column":544},"end":{"line":61,"column":566}},"type":"binary-expr","locations":[{"start":{"line":61,"column":544},"end":{"line":61,"column":559}},{"start":{"line":61,"column":563},"end":{"line":61,"column":566}}],"line":61},"17":{"loc":{"start":{"line":61,"column":580},"end":{"line":61,"column":602}},"type":"binary-expr","locations":[{"start":{"line":61,"column":580},"end":{"line":61,"column":595}},{"start":{"line":61,"column":599},"end":{"line":61,"column":602}}],"line":61}},"s":{"0":1,"1":1,"2":1,"3":0,"4":0,"5":0,"6":0,"7":0,"8":0,"9":0,"10":0,"11":0,"12":0,"13":0,"14":0,"15":0,"16":0,"17":0,"18":0,"19":0,"20":0,"21":0,"22":0,"23":0,"24":0,"25":0,"26":0,"27":0,"28":0,"29":0,"30":0,"31":0,"32":0,"33":0,"34":0,"35":0,"36":0,"37":0,"38":0,"39":0,"40":1},"f":{"0":0,"1":0,"2":0,"3":0,"4":0,"5":0,"6":0},"b":{"0":[1,1],"1":[1,1],"2":[0,0],"3":[0,0],"4":[0,0],"5":[0,0],"6":[0,0],"7":[0,0],"8":[0,0],"9":[0,0],"10":[0,0],"11":[0,0],"12":[0,0],"13":[0,0,0],"14":[0,0],"15":[0,0],"16":[0,0],"17":[0,0]},"_coverageSchema":"1a1c01bbd47fc00a2c39e90264f33305004495a9","hash":"4958da8a49ea9aba76fd5478ff3a8095f985a159"}
,"C:\\Users\\vecch\\OneDrive\\Escritorio\\Dashboard Sharkfit 30 enero - Copy-export (1)\\backend-data-intake\\src\\utils\\logger.js": {"path":"C:\\Users\\vecch\\OneDrive\\Escritorio\\Dashboard Sharkfit 30 enero - Copy-export (1)\\backend-data-intake\\src\\utils\\logger.js","statementMap":{"0":{"start":{"line":5,"column":16},"end":{"line":5,"column":34}},"1":{"start":{"line":6,"column":13},"end":{"line":6,"column":28}},"2":{"start":{"line":9,"column":15},"end":{"line":15,"column":1}},"3":{"start":{"line":18,"column":15},"end":{"line":24,"column":1}},"4":{"start":{"line":26,"column":0},"end":{"line":26,"column":26}},"5":{"start":{"line":29,"column":15},"end":{"line":34,"column":1}},"6":{"start":{"line":37,"column":22},"end":{"line":43,"column":1}},"7":{"start":{"line":41,"column":14},"end":{"line":41,"column":111}},"8":{"start":{"line":46,"column":19},"end":{"line":64,"column":1}},"9":{"start":{"line":67,"column":15},"end":{"line":73,"column":2}},"10":{"start":{"line":75,"column":0},"end":{"line":75,"column":28}}},"fnMap":{"0":{"name":"(anonymous_0)","decl":{"start":{"line":41,"column":4},"end":{"line":41,"column":5}},"loc":{"start":{"line":41,"column":14},"end":{"line":41,"column":111}},"line":41}},"branchMap":{"0":{"loc":{"start":{"line":41,"column":52},"end":{"line":41,"column":70}},"type":"binary-expr","locations":[{"start":{"line":41,"column":52},"end":{"line":41,"column":64}},{"start":{"line":41,"column":68},"end":{"line":41,"column":70}}],"line":41},"1":{"loc":{"start":{"line":41,"column":89},"end":{"line":41,"column":108}},"type":"binary-expr","locations":[{"start":{"line":41,"column":89},"end":{"line":41,"column":102}},{"start":{"line":41,"column":106},"end":{"line":41,"column":108}}],"line":41},"2":{"loc":{"start":{"line":68,"column":9},"end":{"line":68,"column":40}},"type":"binary-expr","locations":[{"start":{"line":68,"column":9},"end":{"line":68,"column":30}},{"start":{"line":68,"column":34},"end":{"line":68,"column":40}}],"line":68}},"s":{"0":1,"1":1,"2":1,"3":1,"4":1,"5":1,"6":1,"7":16,"8":1,"9":1,"10":1},"f":{"0":16},"b":{"0":[16,0],"1":[16,16],"2":[1,1]},"_coverageSchema":"1a1c01bbd47fc00a2c39e90264f33305004495a9","hash":"a4f5fcf4ca09155511453ac21b4bf6e89e9d97c9"}
}
