TN:
SF:src\app.IMPROVED.js
FN:30,createApp
FN:77,(anonymous_1)
FN:86,(anonymous_2)
FN:89,(anonymous_3)
FN:125,(anonymous_4)
FN:154,(anonymous_5)
FN:163,(anonymous_6)
FN:176,(anonymous_7)
FN:184,(anonymous_8)
FNF:9
FNH:5
FNDA:1,createApp
FNDA:10,(anonymous_1)
FNDA:1,(anonymous_2)
FNDA:10,(anonymous_3)
FNDA:10,(anonymous_4)
FNDA:0,(anonymous_5)
FNDA:0,(anonymous_6)
FNDA:0,(anonymous_7)
FNDA:0,(anonymous_8)
DA:14,1
DA:15,1
DA:16,1
DA:17,1
DA:18,1
DA:19,1
DA:20,1
DA:21,1
DA:23,1
DA:24,1
DA:25,1
DA:26,1
DA:28,1
DA:31,1
DA:36,1
DA:45,1
DA:46,0
DA:47,0
DA:50,1
DA:51,0
DA:52,0
DA:55,1
DA:56,0
DA:57,0
DA:65,1
DA:66,1
DA:77,1
DA:78,10
DA:79,10
DA:80,10
DA:81,10
DA:82,10
DA:86,1
DA:88,1
DA:91,10
DA:92,10
DA:94,0
DA:95,0
DA:105,1
DA:108,1
DA:111,1
DA:114,1
DA:115,1
DA:116,1
DA:119,1
DA:122,1
DA:125,1
DA:126,10
DA:127,10
DA:134,1
DA:135,1
DA:136,1
DA:140,1
DA:141,1
DA:142,1
DA:145,1
DA:146,1
DA:147,1
DA:148,1
DA:154,1
DA:155,0
DA:163,1
DA:164,0
DA:176,1
DA:177,0
DA:184,1
DA:186,0
DA:195,0
DA:196,0
DA:200,0
DA:207,1
DA:210,1
LF:72
LH:57
BRDA:28,0,0,1
BRDA:28,0,1,1
BRDA:36,1,0,1
BRDA:36,1,1,0
BRDA:45,2,0,0
BRDA:45,2,1,1
BRDA:45,3,0,1
BRDA:45,3,1,0
BRDA:50,4,0,0
BRDA:50,4,1,1
BRDA:50,5,0,1
BRDA:50,5,1,0
BRDA:55,6,0,0
BRDA:55,6,1,1
BRDA:55,7,0,1
BRDA:55,7,1,0
BRDA:72,8,0,1
BRDA:72,8,1,1
BRDA:86,9,0,1
BRDA:86,9,1,1
BRDA:91,10,0,10
BRDA:91,10,1,0
BRDA:91,11,0,10
BRDA:91,11,1,0
BRDA:188,12,0,0
BRDA:188,12,1,0
BRDA:195,13,0,0
BRDA:195,13,1,0
BRDA:196,14,0,0
BRDA:196,14,1,0
BRDA:203,15,0,0
BRDA:203,15,1,0
BRF:32
BRH:15
end_of_record
TN:
SF:src\db\mongodb.js
FN:6,(anonymous_0)
FN:14,(anonymous_1)
FN:32,(anonymous_2)
FN:61,(anonymous_3)
FN:75,(anonymous_4)
FNF:5
FNH:0
FNDA:0,(anonymous_0)
FNDA:0,(anonymous_1)
FNDA:0,(anonymous_2)
FNDA:0,(anonymous_3)
FNDA:0,(anonymous_4)
DA:1,1
DA:2,1
DA:4,1
DA:6,1
DA:14,1
DA:15,0
DA:17,0
DA:18,0
DA:21,0
DA:22,0
DA:25,0
DA:26,0
DA:29,0
DA:32,1
DA:33,0
DA:34,0
DA:35,0
DA:38,0
DA:39,0
DA:41,0
DA:42,0
DA:44,0
DA:45,0
DA:48,0
DA:49,0
DA:50,0
DA:53,0
DA:54,0
DA:55,0
DA:57,0
DA:58,0
DA:59,0
DA:60,0
DA:61,0
DA:62,0
DA:63,0
DA:64,0
DA:65,0
DA:67,0
DA:71,0
DA:75,1
DA:76,0
DA:77,0
DA:80,0
DA:81,0
DA:82,0
DA:83,0
DA:85,0
DA:86,0
DA:90,1
LF:50
LH:8
BRDA:10,0,0,0
BRDA:10,0,1,0
BRDA:11,1,0,0
BRDA:11,1,1,0
BRDA:15,2,0,0
BRDA:15,2,1,0
BRDA:17,3,0,0
BRDA:17,3,1,0
BRDA:21,4,0,0
BRDA:21,4,1,0
BRDA:25,5,0,0
BRDA:25,5,1,0
BRDA:33,6,0,0
BRDA:33,6,1,0
BRDA:38,7,0,0
BRDA:38,7,1,0
BRDA:39,8,0,0
BRDA:39,8,1,0
BRDA:39,8,2,0
BRDA:48,9,0,0
BRDA:48,9,1,0
BRDA:54,10,0,0
BRDA:54,10,1,0
BRDA:57,11,0,0
BRDA:57,11,1,0
BRDA:58,12,0,0
BRDA:58,12,1,0
BRDA:67,13,0,0
BRDA:67,13,1,0
BRDA:76,14,0,0
BRDA:76,14,1,0
BRF:31
BRH:0
end_of_record
TN:
SF:src\events\EventBus.js
FN:62,emit
FN:93,subscribe
FN:98,(anonymous_2)
FN:107,getEventHistory
FNF:4
FNH:0
FNDA:0,emit
FNDA:0,subscribe
FNDA:0,(anonymous_2)
FNDA:0,getEventHistory
DA:12,1
DA:16,1
DA:22,1
DA:63,0
DA:64,0
DA:67,0
DA:76,0
DA:77,0
DA:78,0
DA:79,0
DA:81,0
DA:85,0
DA:86,0
DA:94,0
DA:95,0
DA:97,0
DA:98,0
DA:99,0
DA:108,0
DA:115,1
LF:20
LH:4
BRDA:63,0,0,0
BRDA:63,0,1,0
BRDA:76,1,0,0
BRDA:76,1,1,0
BRDA:94,2,0,0
BRDA:94,2,1,0
BRDA:107,3,0,0
BRF:7
BRH:0
end_of_record
TN:
SF:src\events\eventTypes.js
FNF:0
FNH:0
DA:7,1
DA:141,1
DA:237,1
LF:3
LH:3
BRF:0
BRH:0
end_of_record
TN:
SF:src\middleware\auth.js
FN:20,(anonymous_0)
FN:73,(anonymous_1)
FN:74,(anonymous_2)
FN:98,requireStaff
FNF:4
FNH:3
FNDA:6,(anonymous_0)
FNDA:3,(anonymous_1)
FNDA:0,(anonymous_2)
FNDA:2,requireStaff
DA:1,1
DA:2,1
DA:3,1
DA:6,1
DA:8,1
DA:9,0
DA:16,1
DA:17,0
DA:20,1
DA:22,6
DA:23,6
DA:24,3
DA:25,3
DA:27,3
DA:30,3
DA:31,3
DA:33,1
DA:34,1
DA:37,2
DA:38,2
DA:39,0
DA:40,0
DA:43,2
DA:46,2
DA:47,0
DA:48,0
DA:51,2
DA:52,0
DA:53,0
DA:56,2
DA:57,0
DA:59,2
DA:60,0
DA:63,2
DA:70,2
DA:73,1
DA:74,3
DA:75,0
DA:76,0
DA:82,0
DA:83,0
DA:86,0
DA:87,0
DA:93,0
DA:99,2
DA:100,0
DA:101,0
DA:103,0
DA:104,0
DA:105,0
DA:108,0
DA:109,0
DA:110,0
DA:113,1
LF:54
LH:29
BRDA:6,0,0,1
BRDA:6,0,1,0
BRDA:8,1,0,0
BRDA:8,1,1,1
BRDA:16,2,0,0
BRDA:16,2,1,1
BRDA:16,3,0,1
BRDA:16,3,1,0
BRDA:22,4,0,6
BRDA:22,4,1,3
BRDA:23,5,0,3
BRDA:23,5,1,3
BRDA:37,6,0,2
BRDA:37,6,1,0
BRDA:37,6,2,0
BRDA:37,6,3,0
BRDA:38,7,0,0
BRDA:38,7,1,2
BRDA:46,8,0,0
BRDA:46,8,1,2
BRDA:51,9,0,0
BRDA:51,9,1,2
BRDA:56,10,0,0
BRDA:56,10,1,2
BRDA:56,11,0,2
BRDA:56,11,1,2
BRDA:59,12,0,0
BRDA:59,12,1,2
BRDA:73,13,0,0
BRDA:75,14,0,0
BRDA:75,14,1,0
BRDA:82,15,0,0
BRDA:82,15,1,0
BRDA:86,16,0,0
BRDA:86,16,1,0
BRDA:99,17,0,2
BRDA:99,17,1,0
BRDA:100,18,0,0
BRDA:100,18,1,0
BRDA:104,19,0,0
BRDA:104,19,1,0
BRDA:104,20,0,0
BRDA:104,20,1,0
BRF:43
BRH:17
end_of_record
TN:
SF:src\middleware\rateLimiter.js
FN:59,(anonymous_0)
FNF:1
FNH:0
FNDA:0,(anonymous_0)
DA:6,1
DA:11,1
DA:25,1
DA:37,1
DA:50,1
DA:59,0
DA:65,1
DA:76,1
LF:8
LH:7
BRF:0
BRH:0
end_of_record
TN:
SF:src\middleware\validation.IMPROVED.js
FN:73,(anonymous_0)
FN:74,(anonymous_1)
FN:82,(anonymous_2)
FN:87,(anonymous_3)
FN:104,(anonymous_4)
FN:125,(anonymous_5)
FNF:6
FNH:0
FNDA:0,(anonymous_0)
FNDA:0,(anonymous_1)
FNDA:0,(anonymous_2)
FNDA:0,(anonymous_3)
FNDA:0,(anonymous_4)
FNDA:0,(anonymous_5)
DA:13,1
DA:14,1
DA:15,1
DA:21,1
DA:73,1
DA:74,0
DA:75,0
DA:80,0
DA:82,0
DA:84,0
DA:88,0
DA:89,0
DA:95,0
DA:96,0
DA:104,1
DA:106,0
DA:109,0
DA:112,0
DA:113,0
DA:114,0
DA:125,0
DA:126,0
DA:127,0
DA:128,0
DA:129,0
DA:142,1
LF:26
LH:7
BRDA:80,0,0,0
BRDA:80,0,1,0
BRDA:120,1,0,0
BRDA:120,1,1,0
BRF:4
BRH:0
end_of_record
TN:
SF:src\middleware\validation.js
FN:85,(anonymous_0)
FN:86,(anonymous_1)
FN:94,(anonymous_2)
FNF:3
FNH:1
FNDA:3,(anonymous_0)
FNDA:0,(anonymous_1)
FNDA:0,(anonymous_2)
DA:13,1
DA:19,1
DA:85,1
DA:86,3
DA:87,0
DA:92,0
DA:94,0
DA:95,0
DA:96,0
DA:99,0
DA:107,0
DA:108,0
DA:112,1
LF:13
LH:5
BRDA:92,0,0,0
BRDA:92,0,1,0
BRF:2
BRH:0
end_of_record
TN:
SF:src\models\AccessLog.js
FNF:0
FNH:0
DA:1,1
DA:2,1
DA:4,1
DA:17,1
DA:19,1
LF:5
LH:5
BRDA:19,0,0,1
BRDA:19,0,1,1
BRF:2
BRH:2
end_of_record
TN:
SF:src\models\AccessRequest.js
FNF:0
FNH:0
DA:1,1
DA:3,1
DA:17,1
DA:19,1
LF:4
LH:4
BRF:0
BRH:0
end_of_record
TN:
SF:src\models\Agendamiento.js
FN:153,(anonymous_0)
FN:165,(anonymous_1)
FN:172,(anonymous_2)
FN:178,(anonymous_3)
FNF:4
FNH:0
FNDA:0,(anonymous_0)
FNDA:0,(anonymous_1)
FNDA:0,(anonymous_2)
FNDA:0,(anonymous_3)
DA:1,1
DA:3,1
DA:146,1
DA:147,1
DA:148,1
DA:149,1
DA:150,1
DA:153,1
DA:154,0
DA:157,0
DA:158,0
DA:161,0
DA:165,1
DA:166,0
DA:167,0
DA:168,0
DA:172,1
DA:173,0
DA:174,0
DA:178,1
DA:179,0
DA:186,1
LF:22
LH:12
BRDA:157,0,0,0
BRDA:157,0,1,0
BRDA:157,1,0,0
BRDA:157,1,1,0
BRDA:157,1,2,0
BRDA:173,2,0,0
BRDA:173,2,1,0
BRF:7
BRH:0
end_of_record
TN:
SF:src\models\Alerta.js
FN:154,(anonymous_0)
FN:160,(anonymous_1)
FN:167,(anonymous_2)
FN:175,(anonymous_3)
FNF:4
FNH:0
FNDA:0,(anonymous_0)
FNDA:0,(anonymous_1)
FNDA:0,(anonymous_2)
FNDA:0,(anonymous_3)
DA:1,1
DA:3,1
DA:147,1
DA:148,1
DA:149,1
DA:150,1
DA:151,1
DA:154,1
DA:155,0
DA:156,0
DA:160,1
DA:161,0
DA:162,0
DA:163,0
DA:167,1
DA:168,0
DA:169,0
DA:170,0
DA:171,0
DA:175,1
DA:176,0
DA:177,0
DA:178,0
DA:179,0
DA:180,0
DA:183,1
LF:26
LH:12
BRF:0
BRH:0
end_of_record
TN:
SF:src\models\ApiIntegration.js
FNF:0
FNH:0
DA:1,1
DA:2,1
DA:4,1
DA:19,1
DA:21,1
LF:5
LH:5
BRDA:21,0,0,1
BRDA:21,0,1,1
BRF:2
BRH:2
end_of_record
TN:
SF:src\models\AuditLog.js
FNF:0
FNH:0
DA:1,1
DA:3,1
DA:32,1
DA:34,1
LF:4
LH:4
BRF:0
BRH:0
end_of_record
TN:
SF:src\models\Cliente.js
FN:116,(anonymous_0)
FN:122,(anonymous_1)
FNF:2
FNH:1
FNDA:2,(anonymous_0)
FNDA:0,(anonymous_1)
DA:1,1
DA:3,1
DA:111,1
DA:112,1
DA:113,1
DA:116,1
DA:117,2
DA:118,2
DA:122,1
DA:123,0
DA:124,0
DA:125,0
DA:128,1
LF:13
LH:10
BRF:0
BRH:0
end_of_record
TN:
SF:src\models\EmailToken.js
FNF:0
FNH:0
DA:1,1
DA:3,1
DA:32,1
DA:34,1
LF:4
LH:4
BRF:0
BRH:0
end_of_record
TN:
SF:src\models\ExportRun.js
FN:25,(anonymous_0)
FN:30,(anonymous_1)
FNF:2
FNH:0
FNDA:0,(anonymous_0)
FNDA:0,(anonymous_1)
DA:1,1
DA:3,1
DA:25,1
DA:26,0
DA:27,0
DA:30,1
DA:31,0
DA:32,0
DA:33,0
DA:36,1
LF:10
LH:5
BRF:0
BRH:0
end_of_record
TN:
SF:src\models\Membership.js
FN:18,(anonymous_0)
FN:23,(anonymous_1)
FNF:2
FNH:0
FNDA:0,(anonymous_0)
FNDA:0,(anonymous_1)
DA:1,1
DA:3,1
DA:16,1
DA:18,1
DA:19,0
DA:20,0
DA:23,1
DA:24,0
DA:25,0
DA:26,0
DA:29,1
LF:11
LH:6
BRF:0
BRH:0
end_of_record
TN:
SF:src\models\MongoModels.js
FN:112,(anonymous_0)
FN:113,(anonymous_1)
FN:116,(anonymous_2)
FN:117,(anonymous_3)
FN:120,(anonymous_4)
FN:121,(anonymous_5)
FN:124,(anonymous_6)
FN:125,(anonymous_7)
FN:128,(anonymous_8)
FN:129,(anonymous_9)
FN:133,(anonymous_10)
FN:134,(anonymous_11)
FN:137,(anonymous_12)
FN:138,(anonymous_13)
FN:141,(anonymous_14)
FN:142,(anonymous_15)
FN:145,(anonymous_16)
FN:146,(anonymous_17)
FN:149,(anonymous_18)
FN:155,(anonymous_19)
FN:169,(anonymous_20)
FN:177,(anonymous_21)
FN:184,(anonymous_22)
FN:302,createOptimizedIndexes
FN:327,(anonymous_24)
FN:338,(anonymous_25)
FN:343,(anonymous_26)
FN:351,(anonymous_27)
FN:358,(anonymous_28)
FN:363,(anonymous_29)
FNF:30
FNH:0
FNDA:0,(anonymous_0)
FNDA:0,(anonymous_1)
FNDA:0,(anonymous_2)
FNDA:0,(anonymous_3)
FNDA:0,(anonymous_4)
FNDA:0,(anonymous_5)
FNDA:0,(anonymous_6)
FNDA:0,(anonymous_7)
FNDA:0,(anonymous_8)
FNDA:0,(anonymous_9)
FNDA:0,(anonymous_10)
FNDA:0,(anonymous_11)
FNDA:0,(anonymous_12)
FNDA:0,(anonymous_13)
FNDA:0,(anonymous_14)
FNDA:0,(anonymous_15)
FNDA:0,(anonymous_16)
FNDA:0,(anonymous_17)
FNDA:0,(anonymous_18)
FNDA:0,(anonymous_19)
FNDA:0,(anonymous_20)
FNDA:0,(anonymous_21)
FNDA:0,(anonymous_22)
FNDA:0,createOptimizedIndexes
FNDA:0,(anonymous_24)
FNDA:0,(anonymous_25)
FNDA:0,(anonymous_26)
FNDA:0,(anonymous_27)
FNDA:0,(anonymous_28)
FNDA:0,(anonymous_29)
DA:11,1
DA:12,1
DA:13,1
DA:19,1
DA:58,1
DA:111,1
DA:112,0
DA:113,0
DA:115,1
DA:116,0
DA:117,0
DA:119,1
DA:120,0
DA:121,0
DA:123,1
DA:124,0
DA:125,0
DA:127,1
DA:128,0
DA:129,0
DA:132,1
DA:133,0
DA:134,0
DA:136,1
DA:137,0
DA:138,0
DA:140,1
DA:141,0
DA:142,0
DA:144,1
DA:145,0
DA:146,0
DA:149,1
DA:150,0
DA:151,0
DA:152,0
DA:155,1
DA:156,0
DA:157,0
DA:158,0
DA:160,0
DA:161,0
DA:162,0
DA:163,0
DA:164,0
DA:165,0
DA:169,1
DA:170,0
DA:171,0
DA:172,0
DA:173,0
DA:174,0
DA:177,1
DA:178,0
DA:179,0
DA:180,0
DA:181,0
DA:184,1
DA:185,0
DA:186,0
DA:187,0
DA:194,1
DA:225,1
DA:259,1
DA:292,1
DA:293,1
DA:294,1
DA:295,1
DA:296,1
DA:303,0
DA:305,0
DA:310,0
DA:315,0
DA:317,0
DA:325,1
DA:328,0
DA:339,0
DA:344,0
DA:352,0
DA:359,0
DA:364,0
DA:372,1
LF:82
LH:29
BRDA:133,0,0,0
BRDA:133,0,1,0
BRDA:134,1,0,0
BRDA:134,1,1,0
BRDA:137,2,0,0
BRDA:137,2,1,0
BRDA:138,3,0,0
BRDA:138,3,1,0
BRDA:141,4,0,0
BRDA:141,4,1,0
BRDA:142,5,0,0
BRDA:142,5,1,0
BRDA:145,6,0,0
BRDA:145,6,1,0
BRDA:146,7,0,0
BRDA:146,7,1,0
BRDA:158,8,0,0
BRDA:158,8,1,0
BRDA:160,9,0,0
BRDA:160,9,1,0
BRDA:161,10,0,0
BRDA:161,10,1,0
BRDA:162,11,0,0
BRDA:162,11,1,0
BRDA:162,11,2,0
BRDA:163,12,0,0
BRDA:163,12,1,0
BRDA:163,12,2,0
BRDA:164,13,0,0
BRDA:164,13,1,0
BRDA:164,13,2,0
BRDA:165,14,0,0
BRDA:165,14,1,0
BRDA:165,14,2,0
BRDA:172,15,0,0
BRDA:172,15,1,0
BRDA:173,16,0,0
BRDA:173,16,1,0
BRDA:174,17,0,0
BRDA:174,17,1,0
BRDA:178,18,0,0
BRDA:178,18,1,0
BRDA:179,19,0,0
BRDA:179,19,1,0
BRDA:180,20,0,0
BRDA:180,20,1,0
BRDA:181,21,0,0
BRDA:181,21,1,0
BRDA:185,22,0,0
BRDA:185,22,1,0
BRDA:186,23,0,0
BRDA:186,23,1,0
BRDA:292,24,0,1
BRDA:292,24,1,1
BRDA:293,25,0,1
BRDA:293,25,1,1
BRDA:294,26,0,1
BRDA:294,26,1,1
BRDA:295,27,0,1
BRDA:295,27,1,1
BRDA:296,28,0,1
BRDA:296,28,1,1
BRDA:327,29,0,0
BRDA:351,30,0,0
BRF:64
BRH:10
end_of_record
TN:
SF:src\models\Payable.js
FN:18,(anonymous_0)
FN:23,(anonymous_1)
FNF:2
FNH:0
FNDA:0,(anonymous_0)
FNDA:0,(anonymous_1)
DA:1,1
DA:3,1
DA:16,1
DA:18,1
DA:19,0
DA:20,0
DA:23,1
DA:24,0
DA:25,0
DA:26,0
DA:29,1
LF:11
LH:6
BRF:0
BRH:0
end_of_record
TN:
SF:src\models\Reporte.js
FN:172,(anonymous_0)
FN:178,(anonymous_1)
FN:185,(anonymous_2)
FN:193,(anonymous_3)
FNF:4
FNH:0
FNDA:0,(anonymous_0)
FNDA:0,(anonymous_1)
FNDA:0,(anonymous_2)
FNDA:0,(anonymous_3)
DA:1,1
DA:3,1
DA:165,1
DA:166,1
DA:167,1
DA:168,1
DA:169,1
DA:172,1
DA:173,0
DA:174,0
DA:178,1
DA:179,0
DA:180,0
DA:181,0
DA:185,1
DA:186,0
DA:187,0
DA:188,0
DA:189,0
DA:193,1
DA:194,0
DA:195,0
DA:198,1
LF:23
LH:12
BRF:0
BRH:0
end_of_record
TN:
SF:src\models\Session.js
FNF:0
FNH:0
DA:1,1
DA:3,1
DA:36,1
DA:37,1
DA:39,1
LF:5
LH:5
BRF:0
BRH:0
end_of_record
TN:
SF:src\models\Setting.js
FNF:0
FNH:0
DA:1,1
DA:3,1
DA:12,1
LF:3
LH:3
BRF:0
BRH:0
end_of_record
TN:
SF:src\models\Usuario.js
FN:131,(anonymous_0)
FN:157,(anonymous_1)
FN:162,(anonymous_2)
FN:170,(anonymous_3)
FN:181,(anonymous_4)
FN:190,(anonymous_5)
FN:204,(anonymous_6)
FNF:7
FNH:1
FNDA:2,(anonymous_0)
FNDA:0,(anonymous_1)
FNDA:0,(anonymous_2)
FNDA:0,(anonymous_3)
FNDA:0,(anonymous_4)
FNDA:0,(anonymous_5)
FNDA:0,(anonymous_6)
DA:1,1
DA:2,1
DA:4,1
DA:131,1
DA:133,2
DA:134,2
DA:136,2
DA:137,2
DA:141,2
DA:142,0
DA:145,2
DA:146,2
DA:147,2
DA:148,2
DA:149,2
DA:150,2
DA:152,0
DA:157,1
DA:158,0
DA:162,1
DA:163,0
DA:164,0
DA:166,0
DA:170,1
DA:171,0
DA:173,0
DA:174,0
DA:175,0
DA:176,0
DA:181,1
DA:182,0
DA:183,0
DA:184,0
DA:185,0
DA:190,1
DA:191,0
DA:193,0
DA:198,0
DA:200,0
DA:204,1
DA:205,0
DA:206,0
DA:207,0
DA:208,0
DA:209,0
DA:210,0
DA:213,1
LF:47
LH:22
BRDA:133,0,0,2
BRDA:133,0,1,0
BRDA:133,1,0,2
BRDA:133,1,1,2
BRDA:136,2,0,2
BRDA:136,2,1,0
BRDA:136,3,0,2
BRDA:136,3,1,2
BRDA:141,4,0,0
BRDA:141,4,1,2
BRDA:146,5,0,2
BRDA:146,5,1,2
BRDA:163,6,0,0
BRDA:163,6,1,0
BRDA:163,7,0,0
BRDA:163,7,1,0
BRDA:171,8,0,0
BRDA:171,8,1,0
BRDA:173,9,0,0
BRDA:173,9,1,0
BRDA:184,10,0,0
BRDA:184,10,1,0
BRF:22
BRH:9
end_of_record
TN:
SF:src\models\Venta.js
FN:143,(anonymous_0)
FN:152,(anonymous_1)
FNF:2
FNH:0
FNDA:0,(anonymous_0)
FNDA:0,(anonymous_1)
DA:1,1
DA:3,1
DA:137,1
DA:138,1
DA:139,1
DA:140,1
DA:143,1
DA:144,0
DA:145,0
DA:147,0
DA:148,0
DA:152,1
DA:153,0
DA:154,0
DA:155,0
DA:158,1
LF:16
LH:9
BRDA:144,0,0,0
BRDA:144,0,1,0
BRF:2
BRH:0
end_of_record
TN:
SF:src\models\index.js
FNF:0
FNH:0
DA:2,1
DA:3,1
DA:4,1
DA:5,1
DA:6,1
DA:7,1
DA:8,1
DA:9,1
DA:12,1
DA:14,1
DA:15,1
DA:18,0
DA:20,1
DA:21,1
DA:22,1
DA:23,1
DA:24,1
DA:25,1
DA:26,1
DA:28,1
LF:20
LH:19
BRDA:14,0,0,1
BRDA:14,0,1,0
BRDA:14,1,0,1
BRDA:14,1,1,1
BRF:4
BRH:3
end_of_record
TN:
SF:src\routes\auth.js
FN:29,(anonymous_0)
FN:34,(anonymous_1)
FN:35,(anonymous_2)
FN:40,(anonymous_3)
FN:73,(anonymous_4)
FN:77,(anonymous_5)
FN:92,(anonymous_6)
FN:137,checkRegisterPermission
FN:146,handleRegister
FN:259,(anonymous_9)
FN:298,(anonymous_10)
FN:318,(anonymous_11)
FN:406,(anonymous_12)
FN:458,(anonymous_13)
FN:631,(anonymous_14)
FN:698,(anonymous_15)
FN:736,(anonymous_16)
FN:758,(anonymous_17)
FN:827,(anonymous_18)
FN:864,(anonymous_19)
FN:944,(anonymous_20)
FN:1014,(anonymous_21)
FN:1021,(anonymous_22)
FN:1035,(anonymous_23)
FN:1050,(anonymous_24)
FNF:25
FNH:0
FNDA:0,(anonymous_0)
FNDA:0,(anonymous_1)
FNDA:0,(anonymous_2)
FNDA:0,(anonymous_3)
FNDA:0,(anonymous_4)
FNDA:0,(anonymous_5)
FNDA:0,(anonymous_6)
FNDA:0,checkRegisterPermission
FNDA:0,handleRegister
FNDA:0,(anonymous_9)
FNDA:0,(anonymous_10)
FNDA:0,(anonymous_11)
FNDA:0,(anonymous_12)
FNDA:0,(anonymous_13)
FNDA:0,(anonymous_14)
FNDA:0,(anonymous_15)
FNDA:0,(anonymous_16)
FNDA:0,(anonymous_17)
FNDA:0,(anonymous_18)
FNDA:0,(anonymous_19)
FNDA:0,(anonymous_20)
FNDA:0,(anonymous_21)
FNDA:0,(anonymous_22)
FNDA:0,(anonymous_23)
FNDA:0,(anonymous_24)
DA:6,1
DA:7,1
DA:8,1
DA:9,1
DA:11,1
DA:12,1
DA:13,1
DA:14,1
DA:15,1
DA:16,1
DA:17,1
DA:18,1
DA:19,1
DA:20,1
DA:22,1
DA:23,1
DA:24,1
DA:25,1
DA:26,1
DA:27,1
DA:29,1
DA:34,1
DA:35,0
DA:36,0
DA:40,1
DA:42,0
DA:43,0
DA:46,0
DA:49,0
DA:51,0
DA:55,0
DA:56,0
DA:59,0
DA:62,0
DA:64,0
DA:73,1
DA:74,0
DA:77,1
DA:78,0
DA:79,0
DA:80,0
DA:82,0
DA:89,0
DA:92,1
DA:93,0
DA:94,0
DA:95,0
DA:97,0
DA:98,0
DA:104,0
DA:105,0
DA:107,0
DA:108,0
DA:114,0
DA:122,0
DA:124,0
DA:138,0
DA:139,0
DA:140,0
DA:142,0
DA:147,0
DA:148,0
DA:151,0
DA:152,0
DA:154,0
DA:158,0
DA:159,0
DA:165,0
DA:166,0
DA:168,0
DA:180,0
DA:182,0
DA:191,0
DA:192,0
DA:193,0
DA:200,0
DA:201,0
DA:203,0
DA:208,0
DA:214,0
DA:215,0
DA:221,0
DA:222,0
DA:224,0
DA:232,0
DA:234,0
DA:240,0
DA:247,1
DA:257,1
DA:260,0
DA:261,0
DA:264,0
DA:265,0
DA:266,0
DA:269,0
DA:270,0
DA:273,0
DA:274,0
DA:275,0
DA:277,0
DA:281,0
DA:287,0
DA:289,0
DA:290,0
DA:298,1
DA:299,0
DA:300,0
DA:302,0
DA:303,0
DA:304,0
DA:307,0
DA:308,0
DA:309,0
DA:311,0
DA:318,1
DA:319,0
DA:320,0
DA:321,0
DA:322,0
DA:325,0
DA:326,0
DA:327,0
DA:328,0
DA:330,0
DA:331,0
DA:332,0
DA:333,0
DA:334,0
DA:335,0
DA:336,0
DA:340,0
DA:341,0
DA:342,0
DA:343,0
DA:344,0
DA:348,0
DA:349,0
DA:362,0
DA:365,0
DA:366,0
DA:367,0
DA:369,0
DA:372,0
DA:373,0
DA:374,0
DA:375,0
DA:377,0
DA:381,0
DA:382,0
DA:383,0
DA:384,0
DA:386,0
DA:391,0
DA:393,0
DA:394,0
DA:396,0
DA:398,0
DA:399,0
DA:406,1
DA:407,0
DA:408,0
DA:409,0
DA:410,0
DA:413,0
DA:414,0
DA:415,0
DA:416,0
DA:418,0
DA:419,0
DA:420,0
DA:421,0
DA:424,0
DA:425,0
DA:431,0
DA:434,0
DA:436,0
DA:438,0
DA:443,1
DA:444,1
DA:455,1
DA:459,0
DA:460,0
DA:462,0
DA:469,0
DA:470,0
DA:471,0
DA:477,0
DA:484,0
DA:490,0
DA:491,0
DA:497,0
DA:503,0
DA:504,0
DA:505,0
DA:508,0
DA:509,0
DA:515,0
DA:521,0
DA:522,0
DA:528,0
DA:529,0
DA:531,0
DA:532,0
DA:533,0
DA:534,0
DA:536,0
DA:543,0
DA:552,0
DA:558,0
DA:559,0
DA:560,0
DA:562,0
DA:564,0
DA:565,0
DA:567,0
DA:568,0
DA:570,0
DA:571,0
DA:578,0
DA:580,0
DA:581,0
DA:583,0
DA:591,0
DA:593,0
DA:594,0
DA:599,0
DA:601,0
DA:602,0
DA:603,0
DA:605,0
DA:612,0
DA:613,0
DA:621,0
DA:631,1
DA:632,0
DA:633,0
DA:635,0
DA:636,0
DA:642,0
DA:643,0
DA:648,0
DA:649,0
DA:656,0
DA:664,0
DA:665,0
DA:666,0
DA:672,0
DA:673,0
DA:675,0
DA:676,0
DA:677,0
DA:678,0
DA:679,0
DA:681,0
DA:683,0
DA:688,0
DA:698,1
DA:699,0
DA:700,0
DA:701,0
DA:703,0
DA:704,0
DA:705,0
DA:709,0
DA:712,0
DA:714,0
DA:721,0
DA:726,0
DA:736,1
DA:737,0
DA:739,0
DA:740,0
DA:746,0
DA:747,0
DA:749,0
DA:758,1
DA:759,0
DA:760,0
DA:761,0
DA:762,0
DA:768,0
DA:769,0
DA:775,0
DA:776,0
DA:782,0
DA:783,0
DA:784,0
DA:790,0
DA:791,0
DA:792,0
DA:794,0
DA:795,0
DA:797,0
DA:803,0
DA:812,0
DA:817,0
DA:827,1
DA:828,0
DA:829,0
DA:830,0
DA:832,0
DA:833,0
DA:834,0
DA:841,0
DA:842,0
DA:844,0
DA:849,0
DA:854,0
DA:864,1
DA:865,0
DA:866,0
DA:868,0
DA:869,0
DA:875,0
DA:876,0
DA:882,0
DA:883,0
DA:889,0
DA:890,0
DA:896,0
DA:897,0
DA:898,0
DA:904,0
DA:905,0
DA:906,0
DA:908,0
DA:909,0
DA:911,0
DA:912,0
DA:914,0
DA:920,0
DA:929,0
DA:934,0
DA:944,1
DA:945,0
DA:946,0
DA:947,0
DA:948,0
DA:954,0
DA:955,0
DA:961,0
DA:962,0
DA:963,0
DA:969,0
DA:970,0
DA:971,0
DA:977,0
DA:978,0
DA:979,0
DA:981,0
DA:982,0
DA:984,0
DA:990,0
DA:999,0
DA:1004,0
DA:1014,1
DA:1015,0
DA:1019,0
DA:1021,0
DA:1035,1
DA:1036,0
DA:1041,0
DA:1050,1
DA:1051,0
DA:1052,0
DA:1054,0
DA:1060,1
LF:367
LH:45
BRDA:22,0,0,1
BRDA:22,0,1,0
BRDA:23,1,0,1
BRDA:23,1,1,1
BRDA:26,2,0,1
BRDA:26,2,1,1
BRDA:27,3,0,1
BRDA:27,3,1,1
BRDA:30,4,0,0
BRDA:30,4,1,0
BRDA:31,5,0,0
BRDA:31,5,1,0
BRDA:36,6,0,0
BRDA:36,6,1,0
BRDA:42,7,0,0
BRDA:42,7,1,0
BRDA:43,8,0,0
BRDA:43,8,1,0
BRDA:49,9,0,0
BRDA:49,9,1,0
BRDA:49,10,0,0
BRDA:49,10,1,0
BRDA:55,11,0,0
BRDA:55,11,1,0
BRDA:62,12,0,0
BRDA:62,12,1,0
BRDA:62,13,0,0
BRDA:62,13,1,0
BRDA:94,14,0,0
BRDA:94,14,1,0
BRDA:95,15,0,0
BRDA:95,15,1,0
BRDA:97,16,0,0
BRDA:97,16,1,0
BRDA:107,17,0,0
BRDA:107,17,1,0
BRDA:107,18,0,0
BRDA:107,18,1,0
BRDA:118,19,0,0
BRDA:118,19,1,0
BRDA:139,20,0,0
BRDA:139,20,1,0
BRDA:139,21,0,0
BRDA:139,21,1,0
BRDA:151,22,0,0
BRDA:151,22,1,0
BRDA:152,23,0,0
BRDA:152,23,1,0
BRDA:158,24,0,0
BRDA:158,24,1,0
BRDA:166,25,0,0
BRDA:166,25,1,0
BRDA:166,26,0,0
BRDA:166,26,1,0
BRDA:177,27,0,0
BRDA:177,27,1,0
BRDA:191,28,0,0
BRDA:191,28,1,0
BRDA:214,29,0,0
BRDA:214,29,1,0
BRDA:264,30,0,0
BRDA:264,30,1,0
BRDA:265,31,0,0
BRDA:265,31,1,0
BRDA:277,32,0,0
BRDA:277,32,1,0
BRDA:281,33,0,0
BRDA:281,33,1,0
BRDA:289,34,0,0
BRDA:289,34,1,0
BRDA:303,35,0,0
BRDA:303,35,1,0
BRDA:303,36,0,0
BRDA:303,36,1,0
BRDA:321,37,0,0
BRDA:321,37,1,0
BRDA:321,38,0,0
BRDA:321,38,1,0
BRDA:327,39,0,0
BRDA:327,39,1,0
BRDA:328,40,0,0
BRDA:328,40,1,0
BRDA:331,41,0,0
BRDA:331,41,1,0
BRDA:340,42,0,0
BRDA:340,42,1,0
BRDA:340,43,0,0
BRDA:340,43,1,0
BRDA:358,44,0,0
BRDA:358,44,1,0
BRDA:369,45,0,0
BRDA:369,45,1,0
BRDA:372,46,0,0
BRDA:372,46,1,0
BRDA:377,47,0,0
BRDA:377,47,1,0
BRDA:394,48,0,0
BRDA:394,48,1,0
BRDA:398,49,0,0
BRDA:398,49,1,0
BRDA:409,50,0,0
BRDA:409,50,1,0
BRDA:409,51,0,0
BRDA:409,51,1,0
BRDA:415,52,0,0
BRDA:415,52,1,0
BRDA:416,53,0,0
BRDA:416,53,1,0
BRDA:431,54,0,0
BRDA:431,54,1,0
BRDA:464,55,0,0
BRDA:464,55,1,0
BRDA:465,56,0,0
BRDA:465,56,1,0
BRDA:469,57,0,0
BRDA:469,57,1,0
BRDA:478,58,0,0
BRDA:478,58,1,0
BRDA:478,58,2,0
BRDA:490,59,0,0
BRDA:490,59,1,0
BRDA:490,60,0,0
BRDA:490,60,1,0
BRDA:503,61,0,0
BRDA:503,61,1,0
BRDA:503,62,0,0
BRDA:503,62,1,0
BRDA:503,62,2,0
BRDA:508,63,0,0
BRDA:508,63,1,0
BRDA:521,64,0,0
BRDA:521,64,1,0
BRDA:531,65,0,0
BRDA:531,65,1,0
BRDA:549,66,0,0
BRDA:549,66,1,0
BRDA:603,67,0,0
BRDA:603,67,1,0
BRDA:635,68,0,0
BRDA:635,68,1,0
BRDA:648,69,0,0
BRDA:648,69,1,0
BRDA:648,70,0,0
BRDA:648,70,1,0
BRDA:665,71,0,0
BRDA:665,71,1,0
BRDA:665,72,0,0
BRDA:665,72,1,0
BRDA:665,72,2,0
BRDA:703,73,0,0
BRDA:703,73,1,0
BRDA:709,74,0,0
BRDA:709,74,1,0
BRDA:739,75,0,0
BRDA:739,75,1,0
BRDA:747,76,0,0
BRDA:747,76,1,0
BRDA:761,77,0,0
BRDA:761,77,1,0
BRDA:775,78,0,0
BRDA:775,78,1,0
BRDA:775,79,0,0
BRDA:775,79,1,0
BRDA:783,80,0,0
BRDA:783,80,1,0
BRDA:830,81,0,0
BRDA:830,81,1,0
BRDA:832,82,0,0
BRDA:832,82,1,0
BRDA:868,83,0,0
BRDA:868,83,1,0
BRDA:868,84,0,0
BRDA:868,84,1,0
BRDA:875,85,0,0
BRDA:875,85,1,0
BRDA:889,86,0,0
BRDA:889,86,1,0
BRDA:889,87,0,0
BRDA:889,87,1,0
BRDA:897,88,0,0
BRDA:897,88,1,0
BRDA:947,89,0,0
BRDA:947,89,1,0
BRDA:947,90,0,0
BRDA:947,90,1,0
BRDA:954,91,0,0
BRDA:954,91,1,0
BRDA:962,92,0,0
BRDA:962,92,1,0
BRDA:970,93,0,0
BRDA:970,93,1,0
BRF:191
BRH:7
end_of_record
TN:
SF:src\routes\clientesNew.js
FN:10,(anonymous_0)
FN:92,(anonymous_1)
FN:109,(anonymous_2)
FN:137,(anonymous_3)
FN:159,(anonymous_4)
FN:191,(anonymous_5)
FN:219,(anonymous_6)
FNF:7
FNH:1
FNDA:2,(anonymous_0)
FNDA:0,(anonymous_1)
FNDA:0,(anonymous_2)
FNDA:0,(anonymous_3)
FNDA:0,(anonymous_4)
FNDA:0,(anonymous_5)
FNDA:0,(anonymous_6)
DA:1,1
DA:2,1
DA:3,1
DA:4,1
DA:10,1
DA:11,2
DA:12,2
DA:13,2
DA:14,2
DA:15,2
DA:18,0
DA:21,2
DA:23,2
DA:24,2
DA:25,2
DA:26,2
DA:27,2
DA:28,0
DA:37,2
DA:38,0
DA:46,0
DA:47,0
DA:48,0
DA:49,0
DA:51,0
DA:55,2
DA:59,2
DA:61,2
DA:67,0
DA:76,2
DA:80,0
DA:92,1
DA:93,0
DA:94,0
DA:95,0
DA:97,0
DA:98,0
DA:100,0
DA:101,0
DA:109,1
DA:110,0
DA:111,0
DA:113,0
DA:114,0
DA:120,0
DA:125,0
DA:126,0
DA:137,1
DA:138,0
DA:139,0
DA:140,0
DA:142,0
DA:147,0
DA:148,0
DA:159,1
DA:160,0
DA:161,0
DA:167,0
DA:168,0
DA:174,0
DA:179,0
DA:180,0
DA:191,1
DA:192,0
DA:193,0
DA:195,0
DA:196,0
DA:202,0
DA:207,0
DA:208,0
DA:219,1
DA:220,0
DA:221,0
DA:222,0
DA:223,0
DA:225,0
DA:235,0
DA:236,0
DA:244,1
LF:79
LH:28
BRDA:11,0,0,2
BRDA:11,1,0,2
BRDA:15,2,0,0
BRDA:15,2,1,2
BRDA:15,3,0,2
BRDA:15,3,1,0
BRDA:24,4,0,0
BRDA:24,4,1,2
BRDA:25,5,0,0
BRDA:25,5,1,2
BRDA:26,6,0,0
BRDA:26,6,1,2
BRDA:27,7,0,0
BRDA:27,7,1,2
BRDA:37,8,0,0
BRDA:37,8,1,2
BRDA:46,9,0,0
BRDA:46,9,1,0
BRDA:64,10,0,0
BRDA:64,10,1,0
BRDA:94,11,0,0
BRDA:98,12,0,0
BRDA:98,12,1,0
BRDA:113,13,0,0
BRDA:113,13,1,0
BRDA:167,14,0,0
BRDA:167,14,1,0
BRDA:195,15,0,0
BRDA:195,15,1,0
BRF:29
BRH:9
end_of_record
TN:
SF:src\routes\settings.js
FN:8,handleGetImports
FN:34,handlePatchImports
FNF:2
FNH:2
FNDA:2,handleGetImports
FNDA:2,handlePatchImports
DA:1,1
DA:2,1
DA:3,1
DA:4,1
DA:5,1
DA:9,2
DA:11,2
DA:12,2
DA:15,0
DA:21,0
DA:22,0
DA:25,2
DA:26,2
DA:29,0
DA:30,0
DA:35,2
DA:36,2
DA:37,2
DA:38,0
DA:40,2
DA:41,2
DA:42,2
DA:47,2
DA:52,2
DA:53,2
DA:55,0
DA:56,0
DA:63,1
DA:64,1
DA:69,1
DA:70,1
DA:73,1
LF:32
LH:24
BRDA:25,0,0,1
BRDA:25,0,1,1
BRDA:37,1,0,0
BRDA:37,1,1,2
BRDA:41,2,0,2
BRDA:41,2,1,0
BRF:6
BRH:4
end_of_record
TN:
SF:src\routes\usuariosNew.js
FN:10,(anonymous_0)
FN:54,(anonymous_1)
FN:82,(anonymous_2)
FN:104,(anonymous_3)
FN:136,(anonymous_4)
FNF:5
FNH:0
FNDA:0,(anonymous_0)
FNDA:0,(anonymous_1)
FNDA:0,(anonymous_2)
FNDA:0,(anonymous_3)
FNDA:0,(anonymous_4)
DA:1,1
DA:2,1
DA:3,1
DA:4,1
DA:10,1
DA:11,0
DA:12,0
DA:14,0
DA:16,0
DA:17,0
DA:18,0
DA:19,0
DA:27,0
DA:32,0
DA:34,0
DA:42,0
DA:43,0
DA:54,1
DA:55,0
DA:56,0
DA:58,0
DA:59,0
DA:65,0
DA:70,0
DA:71,0
DA:82,1
DA:83,0
DA:84,0
DA:85,0
DA:87,0
DA:92,0
DA:93,0
DA:104,1
DA:105,0
DA:106,0
DA:112,0
DA:113,0
DA:119,0
DA:124,0
DA:125,0
DA:136,1
DA:137,0
DA:138,0
DA:140,0
DA:141,0
DA:147,0
DA:152,0
DA:153,0
DA:160,1
LF:49
LH:10
BRDA:12,0,0,0
BRDA:12,1,0,0
BRDA:16,2,0,0
BRDA:16,2,1,0
BRDA:17,3,0,0
BRDA:17,3,1,0
BRDA:18,4,0,0
BRDA:18,4,1,0
BRDA:58,5,0,0
BRDA:58,5,1,0
BRDA:112,6,0,0
BRDA:112,6,1,0
BRDA:140,7,0,0
BRDA:140,7,1,0
BRF:14
BRH:0
end_of_record
TN:
SF:src\utils\audit.js
FN:3,(anonymous_0)
FNF:1
FNH:0
FNDA:0,(anonymous_0)
DA:1,1
DA:3,1
DA:10,0
DA:11,0
DA:23,1
LF:5
LH:3
BRDA:4,0,0,0
BRDA:6,1,0,0
BRDA:7,2,0,0
BRDA:8,3,0,0
BRF:4
BRH:0
end_of_record
TN:
SF:src\utils\authTokens.js
FN:9,(anonymous_0)
FN:21,(anonymous_1)
FN:28,(anonymous_2)
FNF:3
FNH:0
FNDA:0,(anonymous_0)
FNDA:0,(anonymous_1)
FNDA:0,(anonymous_2)
DA:1,1
DA:2,1
DA:4,1
DA:5,1
DA:7,1
DA:9,1
DA:10,0
DA:21,1
DA:22,0
DA:23,0
DA:24,0
DA:25,0
DA:28,1
DA:30,1
LF:14
LH:9
BRDA:4,0,0,1
BRDA:4,0,1,0
BRDA:4,0,2,0
BRDA:5,1,0,1
BRDA:5,1,1,1
BRDA:7,2,0,1
BRDA:7,2,1,1
BRF:7
BRH:5
end_of_record
TN:
SF:src\utils\email.js
FN:9,sendEmail
FN:21,sendWithSendGrid
FN:30,sendWithMailgun
FN:38,sendWithConsole
FN:49,sendVerificationEmail
FN:54,sendPasswordResetEmail
FN:59,sendAccessRequestEmail
FNF:7
FNH:0
FNDA:0,sendEmail
FNDA:0,sendWithSendGrid
FNDA:0,sendWithMailgun
FNDA:0,sendWithConsole
FNDA:0,sendVerificationEmail
FNDA:0,sendPasswordResetEmail
FNDA:0,sendAccessRequestEmail
DA:5,1
DA:6,1
DA:7,1
DA:10,0
DA:11,0
DA:12,0
DA:13,0
DA:14,0
DA:16,0
DA:17,0
DA:22,0
DA:23,0
DA:24,0
DA:25,0
DA:26,0
DA:27,0
DA:31,0
DA:32,0
DA:33,0
DA:34,0
DA:35,0
DA:39,0
DA:40,0
DA:41,0
DA:42,0
DA:43,0
DA:44,0
DA:45,0
DA:46,0
DA:50,0
DA:51,0
DA:55,0
DA:56,0
DA:60,0
DA:61,0
DA:88,1
LF:36
LH:4
BRDA:6,0,0,1
BRDA:6,0,1,1
BRDA:7,1,0,1
BRDA:7,1,1,1
BRDA:10,2,0,0
BRDA:10,2,1,0
BRDA:12,3,0,0
BRDA:12,3,1,0
BRDA:13,4,0,0
BRDA:13,4,1,0
BRDA:23,5,0,0
BRDA:23,5,1,0
BRDA:26,6,0,0
BRDA:26,6,1,0
BRDA:32,7,0,0
BRDA:32,7,1,0
BRDA:32,8,0,0
BRDA:32,8,1,0
BRDA:34,9,0,0
BRDA:34,9,1,0
BRDA:44,10,0,0
BRDA:44,10,1,0
BRDA:50,11,0,0
BRDA:50,11,1,0
BRDA:55,12,0,0
BRDA:55,12,1,0
BRDA:60,13,0,0
BRDA:60,13,1,0
BRDA:60,13,2,0
BRDA:61,14,0,0
BRDA:61,14,1,0
BRDA:61,15,0,0
BRDA:61,15,1,0
BRDA:61,16,0,0
BRDA:61,16,1,0
BRDA:61,17,0,0
BRDA:61,17,1,0
BRF:37
BRH:4
end_of_record
TN:
SF:src\utils\logger.js
FN:41,(anonymous_0)
FNF:1
FNH:1
FNDA:16,(anonymous_0)
DA:5,1
DA:6,1
DA:9,1
DA:18,1
DA:26,1
DA:29,1
DA:37,1
DA:41,16
DA:46,1
DA:67,1
DA:75,1
LF:11
LH:11
BRDA:41,0,0,16
BRDA:41,0,1,0
BRDA:41,1,0,16
BRDA:41,1,1,16
BRDA:68,2,0,1
BRDA:68,2,1,1
BRF:6
BRH:5
end_of_record
